<html>
<head>
<title>TestNG:  Surefire test</title>
<link href="../testng.css" rel="stylesheet" type="text/css" />
<link href="../my-testng.css" rel="stylesheet" type="text/css" />

<style type="text/css">
.log { display: none;} 
.stack-trace { display: none;} 
</style>
<script type="text/javascript">
<!--
function flip(e) {
  current = e.style.display;
  if (current == 'block') {
    e.style.display = 'none';
    return 0;
  }
  else {
    e.style.display = 'block';
    return 1;
  }
}

function toggleBox(szDivId, elem, msg1, msg2)
{
  var res = -1;  if (document.getElementById) {
    res = flip(document.getElementById(szDivId));
  }
  else if (document.all) {
    // this is the way old msie versions work
    res = flip(document.all[szDivId]);
  }
  if(elem) {
    if(res == 0) elem.innerHTML = msg1; else elem.innerHTML = msg2;
  }

}

function toggleAllBoxes() {
  if (document.getElementsByTagName) {
    d = document.getElementsByTagName('div');
    for (i = 0; i < d.length; i++) {
      if (d[i].className == 'log') {
        flip(d[i]);
      }
    }
  }
}

// -->
</script>

</head>
<body>
<h2 align='center'>Surefire test</h2><table border='1' align="center">
<tr>
<td>Tests passed/Failed/Skipped:</td><td>16/12/0</td>
</tr><tr>
<td>Started on:</td><td>Mon Aug 16 20:34:27 EEST 2021</td>
</tr>
<tr><td>Total time:</td><td>7 seconds (7101 ms)</td>
</tr><tr>
<td>Included groups:</td><td></td>
</tr><tr>
<td>Excluded groups:</td><td></td>
</tr>
</table><p/>
<small><i>(Hover the method name to see the test class name)</i></small><p/>
<table width='100%' border='1' class='invocation-failed'>
<tr><td colspan='4' align='center'><b>FAILED TESTS</b></td></tr>
<tr><td><b>Test method</b></td>
<td width="30%"><b>Exception</b></td>
<td width="10%"><b>Time (seconds)</b></td>
<td><b>Instance</b></td>
</tr>
<tr>
<td title='BookTest.verifyGetBooksByAuthorIdGenreIdGetRequest()'><b>verifyGetBooksByAuthorIdGenreIdGetRequest</b><br>Test class: BookTest<br>Test method: Verifying getting List of Books object by Author id and Genre id with GET method</td>
<td><div><pre>java.lang.AssertionError: List of books is empty expected [false] but found [true]
	at BookTest.verifyGetBooksByAuthorIdGenreIdGetRequest(BookTest.java:105)
	at java.util.ArrayList.forEach(ArrayList.java:1257)
... Removed 35 stack frames</pre></div><a href='#' onClick='toggleBox("stack-trace207766759", this, "Click to show all stack frames", "Click to hide stack frames")'>Click to show all stack frames</a>
<div class='stack-trace' id='stack-trace207766759'><pre>java.lang.AssertionError: List of books is empty expected [false] but found [true]
	at org.testng.Assert.fail(Assert.java:99)
	at org.testng.Assert.failNotEquals(Assert.java:1037)
	at org.testng.Assert.assertFalse(Assert.java:67)
	at BookTest.verifyGetBooksByAuthorIdGenreIdGetRequest(BookTest.java:105)
	at sun.reflect.NativeMethodAccessorImpl.invoke0(Native Method)
	at sun.reflect.NativeMethodAccessorImpl.invoke(NativeMethodAccessorImpl.java:62)
	at sun.reflect.DelegatingMethodAccessorImpl.invoke(DelegatingMethodAccessorImpl.java:43)
	at java.lang.reflect.Method.invoke(Method.java:498)
	at org.testng.internal.MethodInvocationHelper.invokeMethod(MethodInvocationHelper.java:133)
	at org.testng.internal.TestInvoker.invokeMethod(TestInvoker.java:598)
	at org.testng.internal.TestInvoker.invokeTestMethod(TestInvoker.java:173)
	at org.testng.internal.MethodRunner.runInSequence(MethodRunner.java:46)
	at org.testng.internal.TestInvoker$MethodInvocationAgent.invoke(TestInvoker.java:824)
	at org.testng.internal.TestInvoker.invokeTestMethods(TestInvoker.java:146)
	at org.testng.internal.TestMethodWorker.invokeTestMethods(TestMethodWorker.java:146)
	at org.testng.internal.TestMethodWorker.run(TestMethodWorker.java:128)
	at java.util.ArrayList.forEach(ArrayList.java:1257)
	at org.testng.TestRunner.privateRun(TestRunner.java:794)
	at org.testng.TestRunner.run(TestRunner.java:596)
	at org.testng.SuiteRunner.runTest(SuiteRunner.java:377)
	at org.testng.SuiteRunner.runSequentially(SuiteRunner.java:371)
	at org.testng.SuiteRunner.privateRun(SuiteRunner.java:332)
	at org.testng.SuiteRunner.run(SuiteRunner.java:276)
	at org.testng.SuiteRunnerWorker.runSuite(SuiteRunnerWorker.java:53)
	at org.testng.SuiteRunnerWorker.run(SuiteRunnerWorker.java:96)
	at org.testng.TestNG.runSuitesSequentially(TestNG.java:1212)
	at org.testng.TestNG.runSuitesLocally(TestNG.java:1134)
	at org.testng.TestNG.runSuites(TestNG.java:1063)
	at org.testng.TestNG.run(TestNG.java:1031)
	at org.apache.maven.surefire.testng.TestNGExecutor.run(TestNGExecutor.java:136)
	at org.apache.maven.surefire.testng.TestNGDirectoryTestSuite.executeMulti(TestNGDirectoryTestSuite.java:193)
	at org.apache.maven.surefire.testng.TestNGDirectoryTestSuite.execute(TestNGDirectoryTestSuite.java:94)
	at org.apache.maven.surefire.testng.TestNGProvider.invoke(TestNGProvider.java:145)
	at org.apache.maven.surefire.booter.ForkedBooter.runSuitesInProcess(ForkedBooter.java:428)
	at org.apache.maven.surefire.booter.ForkedBooter.execute(ForkedBooter.java:162)
	at org.apache.maven.surefire.booter.ForkedBooter.run(ForkedBooter.java:562)
	at org.apache.maven.surefire.booter.ForkedBooter.main(ForkedBooter.java:548)
</pre></div></td>
<td>0</td>
<td>BookTest@3f4cd155</td></tr>
<tr>
<td title='GenreTest.verifyDeleteGenreByIdDeleteRequest()'><b>verifyDeleteGenreByIdDeleteRequest</b><br>Test class: GenreTest<br>Test method: Verifying deleting 1 Genre object by id with DELETE method<br>Parameters: {"genreDescription":"genre description", "genreId":9999, "genreName":"genre name"}</td>
<td><div><pre>com.fasterxml.jackson.databind.exc.UnrecognizedPropertyException: Unrecognized field &quot;timeStamp&quot; (class pojo.Genre), not marked as ignorable (3 known properties: &quot;genreDescription&quot;, &quot;genreId&quot;, &quot;genreName&quot;])
 at [Source: (String)&quot;{&quot;timeStamp&quot;:&quot;20:34:34.150 16-08-2021&quot;,&quot;statusCode&quot;:404,&quot;error&quot;:&quot;Not Found&quot;,&quot;errorMessage&quot;:&quot;Genre with &apos;genreId&apos; = &apos;9999&apos; doesn&apos;t exist!&quot;}&quot;; line: 1, column: 15] (through reference chain: pojo.Genre[&quot;timeStamp&quot;])
	at com.fasterxml.jackson.databind.exc.UnrecognizedPropertyException.from(UnrecognizedPropertyException.java:61)
	at com.fasterxml.jackson.databind.DeserializationContext.handleUnknownProperty(DeserializationContext.java:987)
	at com.fasterxml.jackson.databind.deser.std.StdDeserializer.handleUnknownProperty(StdDeserializer.java:1974)
	at com.fasterxml.jackson.databind.deser.BeanDeserializerBase.handleUnknownProperty(BeanDeserializerBase.java:1701)
	at com.fasterxml.jackson.databind.deser.BeanDeserializerBase.handleUnknownVanilla(BeanDeserializerBase.java:1679)
	at com.fasterxml.jackson.databind.deser.BeanDeserializer.vanillaDeserialize(BeanDeserializer.java:330)
	at com.fasterxml.jackson.databind.deser.BeanDeserializer.deserialize(BeanDeserializer.java:187)
	at com.fasterxml.jackson.databind.deser.DefaultDeserializationContext.readRootValue(DefaultDeserializationContext.java:322)
	at com.fasterxml.jackson.databind.ObjectMapper._readMapAndClose(ObjectMapper.java:4593)
	at com.fasterxml.jackson.databind.ObjectMapper.readValue(ObjectMapper.java:3548)
	at com.fasterxml.jackson.databind.ObjectMapper$readValue$0.call(Unknown Source)
	at io.restassured.internal.path.json.mapping.JsonPathJackson2ObjectDeserializer.deserialize(JsonPathJackson2ObjectDeserializer.groovy:46)
	at io.restassured.path.json.mapping.JsonPathObjectDeserializer$deserialize.call(Unknown Source)
	at io.restassured.internal.path.json.mapping.JsonObjectDeserializer.deserializeWithJackson2(JsonObjectDeserializer.groovy:109)
	at io.restassured.internal.path.json.mapping.JsonObjectDeserializer$deserializeWithJackson2.callStatic(Unknown Source)
	at io.restassured.internal.path.json.mapping.JsonObjectDeserializer.deserialize(JsonObjectDeserializer.groovy:70)
	at io.restassured.path.json.JsonPath.jsonStringToObject(JsonPath.java:1093)
	at io.restassured.path.json.JsonPath.getObject(JsonPath.java:560)
	at service.GenreService.getActualObjGenre(GenreService.java:71)
	at GenreTest.verifyDeleteGenreByIdDeleteRequest(GenreTest.java:65)
	at java.util.ArrayList.forEach(ArrayList.java:1257)
... Removed 32 stack frames</pre></div><a href='#' onClick='toggleBox("stack-trace1085738801", this, "Click to show all stack frames", "Click to hide stack frames")'>Click to show all stack frames</a>
<div class='stack-trace' id='stack-trace1085738801'><pre>com.fasterxml.jackson.databind.exc.UnrecognizedPropertyException: Unrecognized field &quot;timeStamp&quot; (class pojo.Genre), not marked as ignorable (3 known properties: &quot;genreDescription&quot;, &quot;genreId&quot;, &quot;genreName&quot;])
 at [Source: (String)&quot;{&quot;timeStamp&quot;:&quot;20:34:34.150 16-08-2021&quot;,&quot;statusCode&quot;:404,&quot;error&quot;:&quot;Not Found&quot;,&quot;errorMessage&quot;:&quot;Genre with &apos;genreId&apos; = &apos;9999&apos; doesn&apos;t exist!&quot;}&quot;; line: 1, column: 15] (through reference chain: pojo.Genre[&quot;timeStamp&quot;])
	at com.fasterxml.jackson.databind.exc.UnrecognizedPropertyException.from(UnrecognizedPropertyException.java:61)
	at com.fasterxml.jackson.databind.DeserializationContext.handleUnknownProperty(DeserializationContext.java:987)
	at com.fasterxml.jackson.databind.deser.std.StdDeserializer.handleUnknownProperty(StdDeserializer.java:1974)
	at com.fasterxml.jackson.databind.deser.BeanDeserializerBase.handleUnknownProperty(BeanDeserializerBase.java:1701)
	at com.fasterxml.jackson.databind.deser.BeanDeserializerBase.handleUnknownVanilla(BeanDeserializerBase.java:1679)
	at com.fasterxml.jackson.databind.deser.BeanDeserializer.vanillaDeserialize(BeanDeserializer.java:330)
	at com.fasterxml.jackson.databind.deser.BeanDeserializer.deserialize(BeanDeserializer.java:187)
	at com.fasterxml.jackson.databind.deser.DefaultDeserializationContext.readRootValue(DefaultDeserializationContext.java:322)
	at com.fasterxml.jackson.databind.ObjectMapper._readMapAndClose(ObjectMapper.java:4593)
	at com.fasterxml.jackson.databind.ObjectMapper.readValue(ObjectMapper.java:3548)
	at com.fasterxml.jackson.databind.ObjectMapper$readValue$0.call(Unknown Source)
	at io.restassured.internal.path.json.mapping.JsonPathJackson2ObjectDeserializer.deserialize(JsonPathJackson2ObjectDeserializer.groovy:46)
	at io.restassured.path.json.mapping.JsonPathObjectDeserializer$deserialize.call(Unknown Source)
	at io.restassured.internal.path.json.mapping.JsonObjectDeserializer.deserializeWithJackson2(JsonObjectDeserializer.groovy:109)
	at io.restassured.internal.path.json.mapping.JsonObjectDeserializer$deserializeWithJackson2.callStatic(Unknown Source)
	at io.restassured.internal.path.json.mapping.JsonObjectDeserializer.deserialize(JsonObjectDeserializer.groovy:70)
	at io.restassured.path.json.JsonPath.jsonStringToObject(JsonPath.java:1093)
	at io.restassured.path.json.JsonPath.getObject(JsonPath.java:560)
	at service.GenreService.getActualObjGenre(GenreService.java:71)
	at GenreTest.verifyDeleteGenreByIdDeleteRequest(GenreTest.java:65)
	at sun.reflect.NativeMethodAccessorImpl.invoke0(Native Method)
	at sun.reflect.NativeMethodAccessorImpl.invoke(NativeMethodAccessorImpl.java:62)
	at sun.reflect.DelegatingMethodAccessorImpl.invoke(DelegatingMethodAccessorImpl.java:43)
	at java.lang.reflect.Method.invoke(Method.java:498)
	at org.testng.internal.MethodInvocationHelper.invokeMethod(MethodInvocationHelper.java:133)
	at org.testng.internal.TestInvoker.invokeMethod(TestInvoker.java:598)
	at org.testng.internal.TestInvoker.invokeTestMethod(TestInvoker.java:173)
	at org.testng.internal.MethodRunner.runInSequence(MethodRunner.java:46)
	at org.testng.internal.TestInvoker$MethodInvocationAgent.invoke(TestInvoker.java:824)
	at org.testng.internal.TestInvoker.invokeTestMethods(TestInvoker.java:146)
	at org.testng.internal.TestMethodWorker.invokeTestMethods(TestMethodWorker.java:146)
	at org.testng.internal.TestMethodWorker.run(TestMethodWorker.java:128)
	at java.util.ArrayList.forEach(ArrayList.java:1257)
	at org.testng.TestRunner.privateRun(TestRunner.java:794)
	at org.testng.TestRunner.run(TestRunner.java:596)
	at org.testng.SuiteRunner.runTest(SuiteRunner.java:377)
	at org.testng.SuiteRunner.runSequentially(SuiteRunner.java:371)
	at org.testng.SuiteRunner.privateRun(SuiteRunner.java:332)
	at org.testng.SuiteRunner.run(SuiteRunner.java:276)
	at org.testng.SuiteRunnerWorker.runSuite(SuiteRunnerWorker.java:53)
	at org.testng.SuiteRunnerWorker.run(SuiteRunnerWorker.java:96)
	at org.testng.TestNG.runSuitesSequentially(TestNG.java:1212)
	at org.testng.TestNG.runSuitesLocally(TestNG.java:1134)
	at org.testng.TestNG.runSuites(TestNG.java:1063)
	at org.testng.TestNG.run(TestNG.java:1031)
	at org.apache.maven.surefire.testng.TestNGExecutor.run(TestNGExecutor.java:136)
	at org.apache.maven.surefire.testng.TestNGDirectoryTestSuite.executeMulti(TestNGDirectoryTestSuite.java:193)
	at org.apache.maven.surefire.testng.TestNGDirectoryTestSuite.execute(TestNGDirectoryTestSuite.java:94)
	at org.apache.maven.surefire.testng.TestNGProvider.invoke(TestNGProvider.java:145)
	at org.apache.maven.surefire.booter.ForkedBooter.runSuitesInProcess(ForkedBooter.java:428)
	at org.apache.maven.surefire.booter.ForkedBooter.execute(ForkedBooter.java:162)
	at org.apache.maven.surefire.booter.ForkedBooter.run(ForkedBooter.java:562)
	at org.apache.maven.surefire.booter.ForkedBooter.main(ForkedBooter.java:548)
</pre></div></td>
<td>0</td>
<td>GenreTest@79d9214d</td></tr>
<tr>
<td title='GenreTest.verifyGetNotFoundGenreByIdGetRequestNegativeCase()'><b>verifyGetNotFoundGenreByIdGetRequestNegativeCase</b><br>Test class: GenreTest<br>Test method: Negative case when element not found - verifying getting 1 Genre object by id with GET method<br>Parameters: {"genreDescription":"genre description", "genreId":9999, "genreName":"genre name"}</td>
<td><div><pre>com.fasterxml.jackson.databind.exc.UnrecognizedPropertyException: Unrecognized field &quot;timeStamp&quot; (class pojo.Genre), not marked as ignorable (3 known properties: &quot;genreDescription&quot;, &quot;genreId&quot;, &quot;genreName&quot;])
 at [Source: (String)&quot;{&quot;timeStamp&quot;:&quot;20:34:34.397 16-08-2021&quot;,&quot;statusCode&quot;:404,&quot;error&quot;:&quot;Not Found&quot;,&quot;errorMessage&quot;:&quot;Genre with &apos;genreId&apos; = &apos;9999&apos; doesn&apos;t exist!&quot;}&quot;; line: 1, column: 15] (through reference chain: pojo.Genre[&quot;timeStamp&quot;])
	at com.fasterxml.jackson.databind.exc.UnrecognizedPropertyException.from(UnrecognizedPropertyException.java:61)
	at com.fasterxml.jackson.databind.DeserializationContext.handleUnknownProperty(DeserializationContext.java:987)
	at com.fasterxml.jackson.databind.deser.std.StdDeserializer.handleUnknownProperty(StdDeserializer.java:1974)
	at com.fasterxml.jackson.databind.deser.BeanDeserializerBase.handleUnknownProperty(BeanDeserializerBase.java:1701)
	at com.fasterxml.jackson.databind.deser.BeanDeserializerBase.handleUnknownVanilla(BeanDeserializerBase.java:1679)
	at com.fasterxml.jackson.databind.deser.BeanDeserializer.vanillaDeserialize(BeanDeserializer.java:330)
	at com.fasterxml.jackson.databind.deser.BeanDeserializer.deserialize(BeanDeserializer.java:187)
	at com.fasterxml.jackson.databind.deser.DefaultDeserializationContext.readRootValue(DefaultDeserializationContext.java:322)
	at com.fasterxml.jackson.databind.ObjectMapper._readMapAndClose(ObjectMapper.java:4593)
	at com.fasterxml.jackson.databind.ObjectMapper.readValue(ObjectMapper.java:3548)
	at com.fasterxml.jackson.databind.ObjectMapper$readValue$0.call(Unknown Source)
	at io.restassured.internal.path.json.mapping.JsonPathJackson2ObjectDeserializer.deserialize(JsonPathJackson2ObjectDeserializer.groovy:46)
	at io.restassured.path.json.mapping.JsonPathObjectDeserializer$deserialize.call(Unknown Source)
	at io.restassured.internal.path.json.mapping.JsonObjectDeserializer.deserializeWithJackson2(JsonObjectDeserializer.groovy:109)
	at io.restassured.internal.path.json.mapping.JsonObjectDeserializer$deserializeWithJackson2.callStatic(Unknown Source)
	at io.restassured.internal.path.json.mapping.JsonObjectDeserializer.deserialize(JsonObjectDeserializer.groovy:70)
	at io.restassured.path.json.JsonPath.jsonStringToObject(JsonPath.java:1093)
	at io.restassured.path.json.JsonPath.getObject(JsonPath.java:560)
	at service.GenreService.getActualObjGenre(GenreService.java:71)
	at GenreTest.verifyGetNotFoundGenreByIdGetRequestNegativeCase(GenreTest.java:74)
	at java.util.ArrayList.forEach(ArrayList.java:1257)
... Removed 32 stack frames</pre></div><a href='#' onClick='toggleBox("stack-trace1242321195", this, "Click to show all stack frames", "Click to hide stack frames")'>Click to show all stack frames</a>
<div class='stack-trace' id='stack-trace1242321195'><pre>com.fasterxml.jackson.databind.exc.UnrecognizedPropertyException: Unrecognized field &quot;timeStamp&quot; (class pojo.Genre), not marked as ignorable (3 known properties: &quot;genreDescription&quot;, &quot;genreId&quot;, &quot;genreName&quot;])
 at [Source: (String)&quot;{&quot;timeStamp&quot;:&quot;20:34:34.397 16-08-2021&quot;,&quot;statusCode&quot;:404,&quot;error&quot;:&quot;Not Found&quot;,&quot;errorMessage&quot;:&quot;Genre with &apos;genreId&apos; = &apos;9999&apos; doesn&apos;t exist!&quot;}&quot;; line: 1, column: 15] (through reference chain: pojo.Genre[&quot;timeStamp&quot;])
	at com.fasterxml.jackson.databind.exc.UnrecognizedPropertyException.from(UnrecognizedPropertyException.java:61)
	at com.fasterxml.jackson.databind.DeserializationContext.handleUnknownProperty(DeserializationContext.java:987)
	at com.fasterxml.jackson.databind.deser.std.StdDeserializer.handleUnknownProperty(StdDeserializer.java:1974)
	at com.fasterxml.jackson.databind.deser.BeanDeserializerBase.handleUnknownProperty(BeanDeserializerBase.java:1701)
	at com.fasterxml.jackson.databind.deser.BeanDeserializerBase.handleUnknownVanilla(BeanDeserializerBase.java:1679)
	at com.fasterxml.jackson.databind.deser.BeanDeserializer.vanillaDeserialize(BeanDeserializer.java:330)
	at com.fasterxml.jackson.databind.deser.BeanDeserializer.deserialize(BeanDeserializer.java:187)
	at com.fasterxml.jackson.databind.deser.DefaultDeserializationContext.readRootValue(DefaultDeserializationContext.java:322)
	at com.fasterxml.jackson.databind.ObjectMapper._readMapAndClose(ObjectMapper.java:4593)
	at com.fasterxml.jackson.databind.ObjectMapper.readValue(ObjectMapper.java:3548)
	at com.fasterxml.jackson.databind.ObjectMapper$readValue$0.call(Unknown Source)
	at io.restassured.internal.path.json.mapping.JsonPathJackson2ObjectDeserializer.deserialize(JsonPathJackson2ObjectDeserializer.groovy:46)
	at io.restassured.path.json.mapping.JsonPathObjectDeserializer$deserialize.call(Unknown Source)
	at io.restassured.internal.path.json.mapping.JsonObjectDeserializer.deserializeWithJackson2(JsonObjectDeserializer.groovy:109)
	at io.restassured.internal.path.json.mapping.JsonObjectDeserializer$deserializeWithJackson2.callStatic(Unknown Source)
	at io.restassured.internal.path.json.mapping.JsonObjectDeserializer.deserialize(JsonObjectDeserializer.groovy:70)
	at io.restassured.path.json.JsonPath.jsonStringToObject(JsonPath.java:1093)
	at io.restassured.path.json.JsonPath.getObject(JsonPath.java:560)
	at service.GenreService.getActualObjGenre(GenreService.java:71)
	at GenreTest.verifyGetNotFoundGenreByIdGetRequestNegativeCase(GenreTest.java:74)
	at sun.reflect.NativeMethodAccessorImpl.invoke0(Native Method)
	at sun.reflect.NativeMethodAccessorImpl.invoke(NativeMethodAccessorImpl.java:62)
	at sun.reflect.DelegatingMethodAccessorImpl.invoke(DelegatingMethodAccessorImpl.java:43)
	at java.lang.reflect.Method.invoke(Method.java:498)
	at org.testng.internal.MethodInvocationHelper.invokeMethod(MethodInvocationHelper.java:133)
	at org.testng.internal.TestInvoker.invokeMethod(TestInvoker.java:598)
	at org.testng.internal.TestInvoker.invokeTestMethod(TestInvoker.java:173)
	at org.testng.internal.MethodRunner.runInSequence(MethodRunner.java:46)
	at org.testng.internal.TestInvoker$MethodInvocationAgent.invoke(TestInvoker.java:824)
	at org.testng.internal.TestInvoker.invokeTestMethods(TestInvoker.java:146)
	at org.testng.internal.TestMethodWorker.invokeTestMethods(TestMethodWorker.java:146)
	at org.testng.internal.TestMethodWorker.run(TestMethodWorker.java:128)
	at java.util.ArrayList.forEach(ArrayList.java:1257)
	at org.testng.TestRunner.privateRun(TestRunner.java:794)
	at org.testng.TestRunner.run(TestRunner.java:596)
	at org.testng.SuiteRunner.runTest(SuiteRunner.java:377)
	at org.testng.SuiteRunner.runSequentially(SuiteRunner.java:371)
	at org.testng.SuiteRunner.privateRun(SuiteRunner.java:332)
	at org.testng.SuiteRunner.run(SuiteRunner.java:276)
	at org.testng.SuiteRunnerWorker.runSuite(SuiteRunnerWorker.java:53)
	at org.testng.SuiteRunnerWorker.run(SuiteRunnerWorker.java:96)
	at org.testng.TestNG.runSuitesSequentially(TestNG.java:1212)
	at org.testng.TestNG.runSuitesLocally(TestNG.java:1134)
	at org.testng.TestNG.runSuites(TestNG.java:1063)
	at org.testng.TestNG.run(TestNG.java:1031)
	at org.apache.maven.surefire.testng.TestNGExecutor.run(TestNGExecutor.java:136)
	at org.apache.maven.surefire.testng.TestNGDirectoryTestSuite.executeMulti(TestNGDirectoryTestSuite.java:193)
	at org.apache.maven.surefire.testng.TestNGDirectoryTestSuite.execute(TestNGDirectoryTestSuite.java:94)
	at org.apache.maven.surefire.testng.TestNGProvider.invoke(TestNGProvider.java:145)
	at org.apache.maven.surefire.booter.ForkedBooter.runSuitesInProcess(ForkedBooter.java:428)
	at org.apache.maven.surefire.booter.ForkedBooter.execute(ForkedBooter.java:162)
	at org.apache.maven.surefire.booter.ForkedBooter.run(ForkedBooter.java:562)
	at org.apache.maven.surefire.booter.ForkedBooter.main(ForkedBooter.java:548)
</pre></div></td>
<td>0</td>
<td>GenreTest@79d9214d</td></tr>
<tr>
<td title='AuthorTest.verifyDeleteAuthorByIdDeleteRequest()'><b>verifyDeleteAuthorByIdDeleteRequest</b><br>Test class: AuthorTest<br>Test method: Verifying deleting 1 Author object by id with DELETE method<br>Parameters: {"authorDescription":"updated author descr", "authorId":9999, "authorName":{"first":"firstName", "second":"secondName"}, "birth":{"city":"Mykolaiv", "country":"Ukraine", "date":"1990-11-17"}, "nationality":"ukrainian"}</td>
<td><div><pre>com.fasterxml.jackson.databind.exc.UnrecognizedPropertyException: Unrecognized field &quot;timeStamp&quot; (class pojo.Author), not marked as ignorable (5 known properties: &quot;authorDescription&quot;, &quot;nationality&quot;, &quot;authorId&quot;, &quot;birth&quot;, &quot;authorName&quot;])
 at [Source: (String)&quot;{&quot;timeStamp&quot;:&quot;20:34:31.816 16-08-2021&quot;,&quot;statusCode&quot;:404,&quot;error&quot;:&quot;Not Found&quot;,&quot;errorMessage&quot;:&quot;Author with &apos;authorId&apos; = &apos;9999&apos; doesn&apos;t exist!&quot;}&quot;; line: 1, column: 15] (through reference chain: pojo.Author[&quot;timeStamp&quot;])
	at com.fasterxml.jackson.databind.exc.UnrecognizedPropertyException.from(UnrecognizedPropertyException.java:61)
	at com.fasterxml.jackson.databind.DeserializationContext.handleUnknownProperty(DeserializationContext.java:987)
	at com.fasterxml.jackson.databind.deser.std.StdDeserializer.handleUnknownProperty(StdDeserializer.java:1974)
	at com.fasterxml.jackson.databind.deser.BeanDeserializerBase.handleUnknownProperty(BeanDeserializerBase.java:1701)
	at com.fasterxml.jackson.databind.deser.BeanDeserializerBase.handleUnknownVanilla(BeanDeserializerBase.java:1679)
	at com.fasterxml.jackson.databind.deser.BeanDeserializer.vanillaDeserialize(BeanDeserializer.java:330)
	at com.fasterxml.jackson.databind.deser.BeanDeserializer.deserialize(BeanDeserializer.java:187)
	at com.fasterxml.jackson.databind.deser.DefaultDeserializationContext.readRootValue(DefaultDeserializationContext.java:322)
	at com.fasterxml.jackson.databind.ObjectMapper._readMapAndClose(ObjectMapper.java:4593)
	at com.fasterxml.jackson.databind.ObjectMapper.readValue(ObjectMapper.java:3548)
	at com.fasterxml.jackson.databind.ObjectMapper$readValue$0.call(Unknown Source)
	at io.restassured.internal.path.json.mapping.JsonPathJackson2ObjectDeserializer.deserialize(JsonPathJackson2ObjectDeserializer.groovy:46)
	at io.restassured.path.json.mapping.JsonPathObjectDeserializer$deserialize.call(Unknown Source)
	at io.restassured.internal.path.json.mapping.JsonObjectDeserializer.deserializeWithJackson2(JsonObjectDeserializer.groovy:109)
	at io.restassured.internal.path.json.mapping.JsonObjectDeserializer$deserializeWithJackson2.callStatic(Unknown Source)
	at io.restassured.internal.path.json.mapping.JsonObjectDeserializer.deserialize(JsonObjectDeserializer.groovy:70)
	at io.restassured.path.json.JsonPath.jsonStringToObject(JsonPath.java:1093)
	at io.restassured.path.json.JsonPath.getObject(JsonPath.java:560)
	at service.AuthorService.getActualObjAuthor(AuthorService.java:99)
	at AuthorTest.verifyDeleteAuthorByIdDeleteRequest(AuthorTest.java:64)
	at java.util.ArrayList.forEach(ArrayList.java:1257)
... Removed 32 stack frames</pre></div><a href='#' onClick='toggleBox("stack-trace1312744535", this, "Click to show all stack frames", "Click to hide stack frames")'>Click to show all stack frames</a>
<div class='stack-trace' id='stack-trace1312744535'><pre>com.fasterxml.jackson.databind.exc.UnrecognizedPropertyException: Unrecognized field &quot;timeStamp&quot; (class pojo.Author), not marked as ignorable (5 known properties: &quot;authorDescription&quot;, &quot;nationality&quot;, &quot;authorId&quot;, &quot;birth&quot;, &quot;authorName&quot;])
 at [Source: (String)&quot;{&quot;timeStamp&quot;:&quot;20:34:31.816 16-08-2021&quot;,&quot;statusCode&quot;:404,&quot;error&quot;:&quot;Not Found&quot;,&quot;errorMessage&quot;:&quot;Author with &apos;authorId&apos; = &apos;9999&apos; doesn&apos;t exist!&quot;}&quot;; line: 1, column: 15] (through reference chain: pojo.Author[&quot;timeStamp&quot;])
	at com.fasterxml.jackson.databind.exc.UnrecognizedPropertyException.from(UnrecognizedPropertyException.java:61)
	at com.fasterxml.jackson.databind.DeserializationContext.handleUnknownProperty(DeserializationContext.java:987)
	at com.fasterxml.jackson.databind.deser.std.StdDeserializer.handleUnknownProperty(StdDeserializer.java:1974)
	at com.fasterxml.jackson.databind.deser.BeanDeserializerBase.handleUnknownProperty(BeanDeserializerBase.java:1701)
	at com.fasterxml.jackson.databind.deser.BeanDeserializerBase.handleUnknownVanilla(BeanDeserializerBase.java:1679)
	at com.fasterxml.jackson.databind.deser.BeanDeserializer.vanillaDeserialize(BeanDeserializer.java:330)
	at com.fasterxml.jackson.databind.deser.BeanDeserializer.deserialize(BeanDeserializer.java:187)
	at com.fasterxml.jackson.databind.deser.DefaultDeserializationContext.readRootValue(DefaultDeserializationContext.java:322)
	at com.fasterxml.jackson.databind.ObjectMapper._readMapAndClose(ObjectMapper.java:4593)
	at com.fasterxml.jackson.databind.ObjectMapper.readValue(ObjectMapper.java:3548)
	at com.fasterxml.jackson.databind.ObjectMapper$readValue$0.call(Unknown Source)
	at io.restassured.internal.path.json.mapping.JsonPathJackson2ObjectDeserializer.deserialize(JsonPathJackson2ObjectDeserializer.groovy:46)
	at io.restassured.path.json.mapping.JsonPathObjectDeserializer$deserialize.call(Unknown Source)
	at io.restassured.internal.path.json.mapping.JsonObjectDeserializer.deserializeWithJackson2(JsonObjectDeserializer.groovy:109)
	at io.restassured.internal.path.json.mapping.JsonObjectDeserializer$deserializeWithJackson2.callStatic(Unknown Source)
	at io.restassured.internal.path.json.mapping.JsonObjectDeserializer.deserialize(JsonObjectDeserializer.groovy:70)
	at io.restassured.path.json.JsonPath.jsonStringToObject(JsonPath.java:1093)
	at io.restassured.path.json.JsonPath.getObject(JsonPath.java:560)
	at service.AuthorService.getActualObjAuthor(AuthorService.java:99)
	at AuthorTest.verifyDeleteAuthorByIdDeleteRequest(AuthorTest.java:64)
	at sun.reflect.NativeMethodAccessorImpl.invoke0(Native Method)
	at sun.reflect.NativeMethodAccessorImpl.invoke(NativeMethodAccessorImpl.java:62)
	at sun.reflect.DelegatingMethodAccessorImpl.invoke(DelegatingMethodAccessorImpl.java:43)
	at java.lang.reflect.Method.invoke(Method.java:498)
	at org.testng.internal.MethodInvocationHelper.invokeMethod(MethodInvocationHelper.java:133)
	at org.testng.internal.TestInvoker.invokeMethod(TestInvoker.java:598)
	at org.testng.internal.TestInvoker.invokeTestMethod(TestInvoker.java:173)
	at org.testng.internal.MethodRunner.runInSequence(MethodRunner.java:46)
	at org.testng.internal.TestInvoker$MethodInvocationAgent.invoke(TestInvoker.java:824)
	at org.testng.internal.TestInvoker.invokeTestMethods(TestInvoker.java:146)
	at org.testng.internal.TestMethodWorker.invokeTestMethods(TestMethodWorker.java:146)
	at org.testng.internal.TestMethodWorker.run(TestMethodWorker.java:128)
	at java.util.ArrayList.forEach(ArrayList.java:1257)
	at org.testng.TestRunner.privateRun(TestRunner.java:794)
	at org.testng.TestRunner.run(TestRunner.java:596)
	at org.testng.SuiteRunner.runTest(SuiteRunner.java:377)
	at org.testng.SuiteRunner.runSequentially(SuiteRunner.java:371)
	at org.testng.SuiteRunner.privateRun(SuiteRunner.java:332)
	at org.testng.SuiteRunner.run(SuiteRunner.java:276)
	at org.testng.SuiteRunnerWorker.runSuite(SuiteRunnerWorker.java:53)
	at org.testng.SuiteRunnerWorker.run(SuiteRunnerWorker.java:96)
	at org.testng.TestNG.runSuitesSequentially(TestNG.java:1212)
	at org.testng.TestNG.runSuitesLocally(TestNG.java:1134)
	at org.testng.TestNG.runSuites(TestNG.java:1063)
	at org.testng.TestNG.run(TestNG.java:1031)
	at org.apache.maven.surefire.testng.TestNGExecutor.run(TestNGExecutor.java:136)
	at org.apache.maven.surefire.testng.TestNGDirectoryTestSuite.executeMulti(TestNGDirectoryTestSuite.java:193)
	at org.apache.maven.surefire.testng.TestNGDirectoryTestSuite.execute(TestNGDirectoryTestSuite.java:94)
	at org.apache.maven.surefire.testng.TestNGProvider.invoke(TestNGProvider.java:145)
	at org.apache.maven.surefire.booter.ForkedBooter.runSuitesInProcess(ForkedBooter.java:428)
	at org.apache.maven.surefire.booter.ForkedBooter.execute(ForkedBooter.java:162)
	at org.apache.maven.surefire.booter.ForkedBooter.run(ForkedBooter.java:562)
	at org.apache.maven.surefire.booter.ForkedBooter.main(ForkedBooter.java:548)
</pre></div></td>
<td>0</td>
<td>AuthorTest@7906578e</td></tr>
<tr>
<td title='BookTest.verifyGetNotFoundBookByIdGetRequestNegativeCase()'><b>verifyGetNotFoundBookByIdGetRequestNegativeCase</b><br>Test class: BookTest<br>Test method: Negative case when element not found - verifying getting 1 Book object by id with GET method<br>Parameters: {"bookId":536, "bookName":"Sed sunt et quas", "bookLanguage":"spanish", "bookDescription":"Qui quisquam omnis dolores voluptates ut. Ad officia suscipit nihil et vero. Ut veniam esse aliquam eum ea. Est nesciunt est id iure fuga.", "publicationYear":1974, "additional":{"pageCount":573, "size":{"height":14.9, "width":0.0, "lenght":0.0}}}</td>
<td><div><pre>com.fasterxml.jackson.databind.exc.UnrecognizedPropertyException: Unrecognized field &quot;timeStamp&quot; (class pojo.Book), not marked as ignorable (6 known properties: &quot;bookLanguage&quot;, &quot;bookDescription&quot;, &quot;bookId&quot;, &quot;additional&quot;, &quot;publicationYear&quot;, &quot;bookName&quot;])
 at [Source: (String)&quot;{&quot;timeStamp&quot;:&quot;20:34:33.647 16-08-2021&quot;,&quot;statusCode&quot;:404,&quot;error&quot;:&quot;Not Found&quot;,&quot;errorMessage&quot;:&quot;Book with &apos;bookId&apos; = &apos;536&apos; doesn&apos;t exist!&quot;}&quot;; line: 1, column: 15] (through reference chain: pojo.Book[&quot;timeStamp&quot;])
	at com.fasterxml.jackson.databind.exc.UnrecognizedPropertyException.from(UnrecognizedPropertyException.java:61)
	at com.fasterxml.jackson.databind.DeserializationContext.handleUnknownProperty(DeserializationContext.java:987)
	at com.fasterxml.jackson.databind.deser.std.StdDeserializer.handleUnknownProperty(StdDeserializer.java:1974)
	at com.fasterxml.jackson.databind.deser.BeanDeserializerBase.handleUnknownProperty(BeanDeserializerBase.java:1701)
	at com.fasterxml.jackson.databind.deser.BeanDeserializerBase.handleUnknownVanilla(BeanDeserializerBase.java:1679)
	at com.fasterxml.jackson.databind.deser.BeanDeserializer.vanillaDeserialize(BeanDeserializer.java:330)
	at com.fasterxml.jackson.databind.deser.BeanDeserializer.deserialize(BeanDeserializer.java:187)
	at com.fasterxml.jackson.databind.deser.DefaultDeserializationContext.readRootValue(DefaultDeserializationContext.java:322)
	at com.fasterxml.jackson.databind.ObjectMapper._readMapAndClose(ObjectMapper.java:4593)
	at com.fasterxml.jackson.databind.ObjectMapper.readValue(ObjectMapper.java:3548)
	at com.fasterxml.jackson.databind.ObjectMapper$readValue$0.call(Unknown Source)
	at io.restassured.internal.path.json.mapping.JsonPathJackson2ObjectDeserializer.deserialize(JsonPathJackson2ObjectDeserializer.groovy:46)
	at io.restassured.path.json.mapping.JsonPathObjectDeserializer$deserialize.call(Unknown Source)
	at io.restassured.internal.path.json.mapping.JsonObjectDeserializer.deserializeWithJackson2(JsonObjectDeserializer.groovy:109)
	at io.restassured.internal.path.json.mapping.JsonObjectDeserializer$deserializeWithJackson2.callStatic(Unknown Source)
	at io.restassured.internal.path.json.mapping.JsonObjectDeserializer.deserialize(JsonObjectDeserializer.groovy:70)
	at io.restassured.path.json.JsonPath.jsonStringToObject(JsonPath.java:1093)
	at io.restassured.path.json.JsonPath.getObject(JsonPath.java:560)
	at service.BookService.getActualObjBook(BookService.java:72)
	at BookTest.verifyGetNotFoundBookByIdGetRequestNegativeCase(BookTest.java:78)
	at java.util.ArrayList.forEach(ArrayList.java:1257)
... Removed 32 stack frames</pre></div><a href='#' onClick='toggleBox("stack-trace981307724", this, "Click to show all stack frames", "Click to hide stack frames")'>Click to show all stack frames</a>
<div class='stack-trace' id='stack-trace981307724'><pre>com.fasterxml.jackson.databind.exc.UnrecognizedPropertyException: Unrecognized field &quot;timeStamp&quot; (class pojo.Book), not marked as ignorable (6 known properties: &quot;bookLanguage&quot;, &quot;bookDescription&quot;, &quot;bookId&quot;, &quot;additional&quot;, &quot;publicationYear&quot;, &quot;bookName&quot;])
 at [Source: (String)&quot;{&quot;timeStamp&quot;:&quot;20:34:33.647 16-08-2021&quot;,&quot;statusCode&quot;:404,&quot;error&quot;:&quot;Not Found&quot;,&quot;errorMessage&quot;:&quot;Book with &apos;bookId&apos; = &apos;536&apos; doesn&apos;t exist!&quot;}&quot;; line: 1, column: 15] (through reference chain: pojo.Book[&quot;timeStamp&quot;])
	at com.fasterxml.jackson.databind.exc.UnrecognizedPropertyException.from(UnrecognizedPropertyException.java:61)
	at com.fasterxml.jackson.databind.DeserializationContext.handleUnknownProperty(DeserializationContext.java:987)
	at com.fasterxml.jackson.databind.deser.std.StdDeserializer.handleUnknownProperty(StdDeserializer.java:1974)
	at com.fasterxml.jackson.databind.deser.BeanDeserializerBase.handleUnknownProperty(BeanDeserializerBase.java:1701)
	at com.fasterxml.jackson.databind.deser.BeanDeserializerBase.handleUnknownVanilla(BeanDeserializerBase.java:1679)
	at com.fasterxml.jackson.databind.deser.BeanDeserializer.vanillaDeserialize(BeanDeserializer.java:330)
	at com.fasterxml.jackson.databind.deser.BeanDeserializer.deserialize(BeanDeserializer.java:187)
	at com.fasterxml.jackson.databind.deser.DefaultDeserializationContext.readRootValue(DefaultDeserializationContext.java:322)
	at com.fasterxml.jackson.databind.ObjectMapper._readMapAndClose(ObjectMapper.java:4593)
	at com.fasterxml.jackson.databind.ObjectMapper.readValue(ObjectMapper.java:3548)
	at com.fasterxml.jackson.databind.ObjectMapper$readValue$0.call(Unknown Source)
	at io.restassured.internal.path.json.mapping.JsonPathJackson2ObjectDeserializer.deserialize(JsonPathJackson2ObjectDeserializer.groovy:46)
	at io.restassured.path.json.mapping.JsonPathObjectDeserializer$deserialize.call(Unknown Source)
	at io.restassured.internal.path.json.mapping.JsonObjectDeserializer.deserializeWithJackson2(JsonObjectDeserializer.groovy:109)
	at io.restassured.internal.path.json.mapping.JsonObjectDeserializer$deserializeWithJackson2.callStatic(Unknown Source)
	at io.restassured.internal.path.json.mapping.JsonObjectDeserializer.deserialize(JsonObjectDeserializer.groovy:70)
	at io.restassured.path.json.JsonPath.jsonStringToObject(JsonPath.java:1093)
	at io.restassured.path.json.JsonPath.getObject(JsonPath.java:560)
	at service.BookService.getActualObjBook(BookService.java:72)
	at BookTest.verifyGetNotFoundBookByIdGetRequestNegativeCase(BookTest.java:78)
	at sun.reflect.NativeMethodAccessorImpl.invoke0(Native Method)
	at sun.reflect.NativeMethodAccessorImpl.invoke(NativeMethodAccessorImpl.java:62)
	at sun.reflect.DelegatingMethodAccessorImpl.invoke(DelegatingMethodAccessorImpl.java:43)
	at java.lang.reflect.Method.invoke(Method.java:498)
	at org.testng.internal.MethodInvocationHelper.invokeMethod(MethodInvocationHelper.java:133)
	at org.testng.internal.TestInvoker.invokeMethod(TestInvoker.java:598)
	at org.testng.internal.TestInvoker.invokeTestMethod(TestInvoker.java:173)
	at org.testng.internal.MethodRunner.runInSequence(MethodRunner.java:46)
	at org.testng.internal.TestInvoker$MethodInvocationAgent.invoke(TestInvoker.java:824)
	at org.testng.internal.TestInvoker.invokeTestMethods(TestInvoker.java:146)
	at org.testng.internal.TestMethodWorker.invokeTestMethods(TestMethodWorker.java:146)
	at org.testng.internal.TestMethodWorker.run(TestMethodWorker.java:128)
	at java.util.ArrayList.forEach(ArrayList.java:1257)
	at org.testng.TestRunner.privateRun(TestRunner.java:794)
	at org.testng.TestRunner.run(TestRunner.java:596)
	at org.testng.SuiteRunner.runTest(SuiteRunner.java:377)
	at org.testng.SuiteRunner.runSequentially(SuiteRunner.java:371)
	at org.testng.SuiteRunner.privateRun(SuiteRunner.java:332)
	at org.testng.SuiteRunner.run(SuiteRunner.java:276)
	at org.testng.SuiteRunnerWorker.runSuite(SuiteRunnerWorker.java:53)
	at org.testng.SuiteRunnerWorker.run(SuiteRunnerWorker.java:96)
	at org.testng.TestNG.runSuitesSequentially(TestNG.java:1212)
	at org.testng.TestNG.runSuitesLocally(TestNG.java:1134)
	at org.testng.TestNG.runSuites(TestNG.java:1063)
	at org.testng.TestNG.run(TestNG.java:1031)
	at org.apache.maven.surefire.testng.TestNGExecutor.run(TestNGExecutor.java:136)
	at org.apache.maven.surefire.testng.TestNGDirectoryTestSuite.executeMulti(TestNGDirectoryTestSuite.java:193)
	at org.apache.maven.surefire.testng.TestNGDirectoryTestSuite.execute(TestNGDirectoryTestSuite.java:94)
	at org.apache.maven.surefire.testng.TestNGProvider.invoke(TestNGProvider.java:145)
	at org.apache.maven.surefire.booter.ForkedBooter.runSuitesInProcess(ForkedBooter.java:428)
	at org.apache.maven.surefire.booter.ForkedBooter.execute(ForkedBooter.java:162)
	at org.apache.maven.surefire.booter.ForkedBooter.run(ForkedBooter.java:562)
	at org.apache.maven.surefire.booter.ForkedBooter.main(ForkedBooter.java:548)
</pre></div></td>
<td>0</td>
<td>BookTest@3f4cd155</td></tr>
<tr>
<td title='GenreTest.verifyGetGenresByBookIdGetRequest()'><b>verifyGetGenresByBookIdGetRequest</b><br>Test class: GenreTest<br>Test method: Verifying getting all Genre objects by BookId with GET method<br>Parameters: {"bookId":292, "bookName":"Ipsa dolor laboriosam", "bookLanguage":"croatian", "bookDescription":"Sit aut architecto ab voluptatem. Rerum itaque voluptatem corrupti vero laboriosam. Officiis esse dolor. Qui sunt quasi laudantium.", "publicationYear":2008, "additional":{"pageCount":682, "size":{"height":16.1, "width":0.0, "lenght":0.0}}}</td>
<td><div><pre>java.lang.AssertionError: Actual StatusCode not matching to Expected one. expected [200] but found [405]
	at utils.Validator.validateStatusCode(Validator.java:18)
	at GenreTest.verifyGetGenresByBookIdGetRequest(GenreTest.java:91)
	at java.util.ArrayList.forEach(ArrayList.java:1257)
... Removed 37 stack frames</pre></div><a href='#' onClick='toggleBox("stack-trace1505252266", this, "Click to show all stack frames", "Click to hide stack frames")'>Click to show all stack frames</a>
<div class='stack-trace' id='stack-trace1505252266'><pre>java.lang.AssertionError: Actual StatusCode not matching to Expected one. expected [200] but found [405]
	at org.testng.Assert.fail(Assert.java:99)
	at org.testng.Assert.failNotEquals(Assert.java:1037)
	at org.testng.Assert.assertEqualsImpl(Assert.java:140)
	at org.testng.Assert.assertEquals(Assert.java:122)
	at org.testng.Assert.assertEquals(Assert.java:907)
	at utils.Validator.validateStatusCode(Validator.java:18)
	at GenreTest.verifyGetGenresByBookIdGetRequest(GenreTest.java:91)
	at sun.reflect.NativeMethodAccessorImpl.invoke0(Native Method)
	at sun.reflect.NativeMethodAccessorImpl.invoke(NativeMethodAccessorImpl.java:62)
	at sun.reflect.DelegatingMethodAccessorImpl.invoke(DelegatingMethodAccessorImpl.java:43)
	at java.lang.reflect.Method.invoke(Method.java:498)
	at org.testng.internal.MethodInvocationHelper.invokeMethod(MethodInvocationHelper.java:133)
	at org.testng.internal.TestInvoker.invokeMethod(TestInvoker.java:598)
	at org.testng.internal.TestInvoker.invokeTestMethod(TestInvoker.java:173)
	at org.testng.internal.MethodRunner.runInSequence(MethodRunner.java:46)
	at org.testng.internal.TestInvoker$MethodInvocationAgent.invoke(TestInvoker.java:824)
	at org.testng.internal.TestInvoker.invokeTestMethods(TestInvoker.java:146)
	at org.testng.internal.TestMethodWorker.invokeTestMethods(TestMethodWorker.java:146)
	at org.testng.internal.TestMethodWorker.run(TestMethodWorker.java:128)
	at java.util.ArrayList.forEach(ArrayList.java:1257)
	at org.testng.TestRunner.privateRun(TestRunner.java:794)
	at org.testng.TestRunner.run(TestRunner.java:596)
	at org.testng.SuiteRunner.runTest(SuiteRunner.java:377)
	at org.testng.SuiteRunner.runSequentially(SuiteRunner.java:371)
	at org.testng.SuiteRunner.privateRun(SuiteRunner.java:332)
	at org.testng.SuiteRunner.run(SuiteRunner.java:276)
	at org.testng.SuiteRunnerWorker.runSuite(SuiteRunnerWorker.java:53)
	at org.testng.SuiteRunnerWorker.run(SuiteRunnerWorker.java:96)
	at org.testng.TestNG.runSuitesSequentially(TestNG.java:1212)
	at org.testng.TestNG.runSuitesLocally(TestNG.java:1134)
	at org.testng.TestNG.runSuites(TestNG.java:1063)
	at org.testng.TestNG.run(TestNG.java:1031)
	at org.apache.maven.surefire.testng.TestNGExecutor.run(TestNGExecutor.java:136)
	at org.apache.maven.surefire.testng.TestNGDirectoryTestSuite.executeMulti(TestNGDirectoryTestSuite.java:193)
	at org.apache.maven.surefire.testng.TestNGDirectoryTestSuite.execute(TestNGDirectoryTestSuite.java:94)
	at org.apache.maven.surefire.testng.TestNGProvider.invoke(TestNGProvider.java:145)
	at org.apache.maven.surefire.booter.ForkedBooter.runSuitesInProcess(ForkedBooter.java:428)
	at org.apache.maven.surefire.booter.ForkedBooter.execute(ForkedBooter.java:162)
	at org.apache.maven.surefire.booter.ForkedBooter.run(ForkedBooter.java:562)
	at org.apache.maven.surefire.booter.ForkedBooter.main(ForkedBooter.java:548)
</pre></div></td>
<td>0</td>
<td>GenreTest@79d9214d</td></tr>
<tr>
<td title='BookTest.verifySearchBooksGetRequest()'><b>verifySearchBooksGetRequest</b><br>Test class: BookTest<br>Test method: Verifying searching books by its name</td>
<td><div><pre>java.lang.AssertionError: Actual StatusCode not matching to Expected one. expected [200] but found [400]
	at utils.Validator.validateStatusCode(Validator.java:18)
	at BookTest.verifySearchBooksGetRequest(BookTest.java:112)
	at java.util.ArrayList.forEach(ArrayList.java:1257)
... Removed 37 stack frames</pre></div><a href='#' onClick='toggleBox("stack-trace1537618192", this, "Click to show all stack frames", "Click to hide stack frames")'>Click to show all stack frames</a>
<div class='stack-trace' id='stack-trace1537618192'><pre>java.lang.AssertionError: Actual StatusCode not matching to Expected one. expected [200] but found [400]
	at org.testng.Assert.fail(Assert.java:99)
	at org.testng.Assert.failNotEquals(Assert.java:1037)
	at org.testng.Assert.assertEqualsImpl(Assert.java:140)
	at org.testng.Assert.assertEquals(Assert.java:122)
	at org.testng.Assert.assertEquals(Assert.java:907)
	at utils.Validator.validateStatusCode(Validator.java:18)
	at BookTest.verifySearchBooksGetRequest(BookTest.java:112)
	at sun.reflect.NativeMethodAccessorImpl.invoke0(Native Method)
	at sun.reflect.NativeMethodAccessorImpl.invoke(NativeMethodAccessorImpl.java:62)
	at sun.reflect.DelegatingMethodAccessorImpl.invoke(DelegatingMethodAccessorImpl.java:43)
	at java.lang.reflect.Method.invoke(Method.java:498)
	at org.testng.internal.MethodInvocationHelper.invokeMethod(MethodInvocationHelper.java:133)
	at org.testng.internal.TestInvoker.invokeMethod(TestInvoker.java:598)
	at org.testng.internal.TestInvoker.invokeTestMethod(TestInvoker.java:173)
	at org.testng.internal.MethodRunner.runInSequence(MethodRunner.java:46)
	at org.testng.internal.TestInvoker$MethodInvocationAgent.invoke(TestInvoker.java:824)
	at org.testng.internal.TestInvoker.invokeTestMethods(TestInvoker.java:146)
	at org.testng.internal.TestMethodWorker.invokeTestMethods(TestMethodWorker.java:146)
	at org.testng.internal.TestMethodWorker.run(TestMethodWorker.java:128)
	at java.util.ArrayList.forEach(ArrayList.java:1257)
	at org.testng.TestRunner.privateRun(TestRunner.java:794)
	at org.testng.TestRunner.run(TestRunner.java:596)
	at org.testng.SuiteRunner.runTest(SuiteRunner.java:377)
	at org.testng.SuiteRunner.runSequentially(SuiteRunner.java:371)
	at org.testng.SuiteRunner.privateRun(SuiteRunner.java:332)
	at org.testng.SuiteRunner.run(SuiteRunner.java:276)
	at org.testng.SuiteRunnerWorker.runSuite(SuiteRunnerWorker.java:53)
	at org.testng.SuiteRunnerWorker.run(SuiteRunnerWorker.java:96)
	at org.testng.TestNG.runSuitesSequentially(TestNG.java:1212)
	at org.testng.TestNG.runSuitesLocally(TestNG.java:1134)
	at org.testng.TestNG.runSuites(TestNG.java:1063)
	at org.testng.TestNG.run(TestNG.java:1031)
	at org.apache.maven.surefire.testng.TestNGExecutor.run(TestNGExecutor.java:136)
	at org.apache.maven.surefire.testng.TestNGDirectoryTestSuite.executeMulti(TestNGDirectoryTestSuite.java:193)
	at org.apache.maven.surefire.testng.TestNGDirectoryTestSuite.execute(TestNGDirectoryTestSuite.java:94)
	at org.apache.maven.surefire.testng.TestNGProvider.invoke(TestNGProvider.java:145)
	at org.apache.maven.surefire.booter.ForkedBooter.runSuitesInProcess(ForkedBooter.java:428)
	at org.apache.maven.surefire.booter.ForkedBooter.execute(ForkedBooter.java:162)
	at org.apache.maven.surefire.booter.ForkedBooter.run(ForkedBooter.java:562)
	at org.apache.maven.surefire.booter.ForkedBooter.main(ForkedBooter.java:548)
</pre></div></td>
<td>0</td>
<td>BookTest@3f4cd155</td></tr>
<tr>
<td title='BookTest.verifyDeleteBookByIdDeleteRequest()'><b>verifyDeleteBookByIdDeleteRequest</b><br>Test class: BookTest<br>Test method: Verifying deleting 1 Book object by id with DELETE method<br>Parameters: {"bookId":536, "bookName":"Sed sunt et quas", "bookLanguage":"spanish", "bookDescription":"Qui quisquam omnis dolores voluptates ut. Ad officia suscipit nihil et vero. Ut veniam esse aliquam eum ea. Est nesciunt est id iure fuga.", "publicationYear":1974, "additional":{"pageCount":573, "size":{"height":14.9, "width":0.0, "lenght":0.0}}}</td>
<td><div><pre>com.fasterxml.jackson.databind.exc.UnrecognizedPropertyException: Unrecognized field &quot;timeStamp&quot; (class pojo.Book), not marked as ignorable (6 known properties: &quot;bookLanguage&quot;, &quot;bookDescription&quot;, &quot;bookId&quot;, &quot;additional&quot;, &quot;publicationYear&quot;, &quot;bookName&quot;])
 at [Source: (String)&quot;{&quot;timeStamp&quot;:&quot;20:34:32.983 16-08-2021&quot;,&quot;statusCode&quot;:404,&quot;error&quot;:&quot;Not Found&quot;,&quot;errorMessage&quot;:&quot;Book with &apos;bookId&apos; = &apos;536&apos; doesn&apos;t exist!&quot;}&quot;; line: 1, column: 15] (through reference chain: pojo.Book[&quot;timeStamp&quot;])
	at com.fasterxml.jackson.databind.exc.UnrecognizedPropertyException.from(UnrecognizedPropertyException.java:61)
	at com.fasterxml.jackson.databind.DeserializationContext.handleUnknownProperty(DeserializationContext.java:987)
	at com.fasterxml.jackson.databind.deser.std.StdDeserializer.handleUnknownProperty(StdDeserializer.java:1974)
	at com.fasterxml.jackson.databind.deser.BeanDeserializerBase.handleUnknownProperty(BeanDeserializerBase.java:1701)
	at com.fasterxml.jackson.databind.deser.BeanDeserializerBase.handleUnknownVanilla(BeanDeserializerBase.java:1679)
	at com.fasterxml.jackson.databind.deser.BeanDeserializer.vanillaDeserialize(BeanDeserializer.java:330)
	at com.fasterxml.jackson.databind.deser.BeanDeserializer.deserialize(BeanDeserializer.java:187)
	at com.fasterxml.jackson.databind.deser.DefaultDeserializationContext.readRootValue(DefaultDeserializationContext.java:322)
	at com.fasterxml.jackson.databind.ObjectMapper._readMapAndClose(ObjectMapper.java:4593)
	at com.fasterxml.jackson.databind.ObjectMapper.readValue(ObjectMapper.java:3548)
	at com.fasterxml.jackson.databind.ObjectMapper$readValue$0.call(Unknown Source)
	at io.restassured.internal.path.json.mapping.JsonPathJackson2ObjectDeserializer.deserialize(JsonPathJackson2ObjectDeserializer.groovy:46)
	at io.restassured.path.json.mapping.JsonPathObjectDeserializer$deserialize.call(Unknown Source)
	at io.restassured.internal.path.json.mapping.JsonObjectDeserializer.deserializeWithJackson2(JsonObjectDeserializer.groovy:109)
	at io.restassured.internal.path.json.mapping.JsonObjectDeserializer$deserializeWithJackson2.callStatic(Unknown Source)
	at io.restassured.internal.path.json.mapping.JsonObjectDeserializer.deserialize(JsonObjectDeserializer.groovy:70)
	at io.restassured.path.json.JsonPath.jsonStringToObject(JsonPath.java:1093)
	at io.restassured.path.json.JsonPath.getObject(JsonPath.java:560)
	at service.BookService.getActualObjBook(BookService.java:72)
	at BookTest.verifyDeleteBookByIdDeleteRequest(BookTest.java:69)
	at java.util.ArrayList.forEach(ArrayList.java:1257)
... Removed 32 stack frames</pre></div><a href='#' onClick='toggleBox("stack-trace843221108", this, "Click to show all stack frames", "Click to hide stack frames")'>Click to show all stack frames</a>
<div class='stack-trace' id='stack-trace843221108'><pre>com.fasterxml.jackson.databind.exc.UnrecognizedPropertyException: Unrecognized field &quot;timeStamp&quot; (class pojo.Book), not marked as ignorable (6 known properties: &quot;bookLanguage&quot;, &quot;bookDescription&quot;, &quot;bookId&quot;, &quot;additional&quot;, &quot;publicationYear&quot;, &quot;bookName&quot;])
 at [Source: (String)&quot;{&quot;timeStamp&quot;:&quot;20:34:32.983 16-08-2021&quot;,&quot;statusCode&quot;:404,&quot;error&quot;:&quot;Not Found&quot;,&quot;errorMessage&quot;:&quot;Book with &apos;bookId&apos; = &apos;536&apos; doesn&apos;t exist!&quot;}&quot;; line: 1, column: 15] (through reference chain: pojo.Book[&quot;timeStamp&quot;])
	at com.fasterxml.jackson.databind.exc.UnrecognizedPropertyException.from(UnrecognizedPropertyException.java:61)
	at com.fasterxml.jackson.databind.DeserializationContext.handleUnknownProperty(DeserializationContext.java:987)
	at com.fasterxml.jackson.databind.deser.std.StdDeserializer.handleUnknownProperty(StdDeserializer.java:1974)
	at com.fasterxml.jackson.databind.deser.BeanDeserializerBase.handleUnknownProperty(BeanDeserializerBase.java:1701)
	at com.fasterxml.jackson.databind.deser.BeanDeserializerBase.handleUnknownVanilla(BeanDeserializerBase.java:1679)
	at com.fasterxml.jackson.databind.deser.BeanDeserializer.vanillaDeserialize(BeanDeserializer.java:330)
	at com.fasterxml.jackson.databind.deser.BeanDeserializer.deserialize(BeanDeserializer.java:187)
	at com.fasterxml.jackson.databind.deser.DefaultDeserializationContext.readRootValue(DefaultDeserializationContext.java:322)
	at com.fasterxml.jackson.databind.ObjectMapper._readMapAndClose(ObjectMapper.java:4593)
	at com.fasterxml.jackson.databind.ObjectMapper.readValue(ObjectMapper.java:3548)
	at com.fasterxml.jackson.databind.ObjectMapper$readValue$0.call(Unknown Source)
	at io.restassured.internal.path.json.mapping.JsonPathJackson2ObjectDeserializer.deserialize(JsonPathJackson2ObjectDeserializer.groovy:46)
	at io.restassured.path.json.mapping.JsonPathObjectDeserializer$deserialize.call(Unknown Source)
	at io.restassured.internal.path.json.mapping.JsonObjectDeserializer.deserializeWithJackson2(JsonObjectDeserializer.groovy:109)
	at io.restassured.internal.path.json.mapping.JsonObjectDeserializer$deserializeWithJackson2.callStatic(Unknown Source)
	at io.restassured.internal.path.json.mapping.JsonObjectDeserializer.deserialize(JsonObjectDeserializer.groovy:70)
	at io.restassured.path.json.JsonPath.jsonStringToObject(JsonPath.java:1093)
	at io.restassured.path.json.JsonPath.getObject(JsonPath.java:560)
	at service.BookService.getActualObjBook(BookService.java:72)
	at BookTest.verifyDeleteBookByIdDeleteRequest(BookTest.java:69)
	at sun.reflect.NativeMethodAccessorImpl.invoke0(Native Method)
	at sun.reflect.NativeMethodAccessorImpl.invoke(NativeMethodAccessorImpl.java:62)
	at sun.reflect.DelegatingMethodAccessorImpl.invoke(DelegatingMethodAccessorImpl.java:43)
	at java.lang.reflect.Method.invoke(Method.java:498)
	at org.testng.internal.MethodInvocationHelper.invokeMethod(MethodInvocationHelper.java:133)
	at org.testng.internal.TestInvoker.invokeMethod(TestInvoker.java:598)
	at org.testng.internal.TestInvoker.invokeTestMethod(TestInvoker.java:173)
	at org.testng.internal.MethodRunner.runInSequence(MethodRunner.java:46)
	at org.testng.internal.TestInvoker$MethodInvocationAgent.invoke(TestInvoker.java:824)
	at org.testng.internal.TestInvoker.invokeTestMethods(TestInvoker.java:146)
	at org.testng.internal.TestMethodWorker.invokeTestMethods(TestMethodWorker.java:146)
	at org.testng.internal.TestMethodWorker.run(TestMethodWorker.java:128)
	at java.util.ArrayList.forEach(ArrayList.java:1257)
	at org.testng.TestRunner.privateRun(TestRunner.java:794)
	at org.testng.TestRunner.run(TestRunner.java:596)
	at org.testng.SuiteRunner.runTest(SuiteRunner.java:377)
	at org.testng.SuiteRunner.runSequentially(SuiteRunner.java:371)
	at org.testng.SuiteRunner.privateRun(SuiteRunner.java:332)
	at org.testng.SuiteRunner.run(SuiteRunner.java:276)
	at org.testng.SuiteRunnerWorker.runSuite(SuiteRunnerWorker.java:53)
	at org.testng.SuiteRunnerWorker.run(SuiteRunnerWorker.java:96)
	at org.testng.TestNG.runSuitesSequentially(TestNG.java:1212)
	at org.testng.TestNG.runSuitesLocally(TestNG.java:1134)
	at org.testng.TestNG.runSuites(TestNG.java:1063)
	at org.testng.TestNG.run(TestNG.java:1031)
	at org.apache.maven.surefire.testng.TestNGExecutor.run(TestNGExecutor.java:136)
	at org.apache.maven.surefire.testng.TestNGDirectoryTestSuite.executeMulti(TestNGDirectoryTestSuite.java:193)
	at org.apache.maven.surefire.testng.TestNGDirectoryTestSuite.execute(TestNGDirectoryTestSuite.java:94)
	at org.apache.maven.surefire.testng.TestNGProvider.invoke(TestNGProvider.java:145)
	at org.apache.maven.surefire.booter.ForkedBooter.runSuitesInProcess(ForkedBooter.java:428)
	at org.apache.maven.surefire.booter.ForkedBooter.execute(ForkedBooter.java:162)
	at org.apache.maven.surefire.booter.ForkedBooter.run(ForkedBooter.java:562)
	at org.apache.maven.surefire.booter.ForkedBooter.main(ForkedBooter.java:548)
</pre></div></td>
<td>0</td>
<td>BookTest@3f4cd155</td></tr>
<tr>
<td title='GenreTest.verifySearchGenressGetRequest()'><b>verifySearchGenressGetRequest</b><br>Test class: GenreTest<br>Test method: Verifying searching Genres by its name</td>
<td><div><pre>java.lang.AssertionError: Actual StatusCode not matching to Expected one. expected [200] but found [400]
	at utils.Validator.validateStatusCode(Validator.java:18)
	at GenreTest.verifySearchGenressGetRequest(GenreTest.java:100)
	at java.util.ArrayList.forEach(ArrayList.java:1257)
... Removed 37 stack frames</pre></div><a href='#' onClick='toggleBox("stack-trace479788655", this, "Click to show all stack frames", "Click to hide stack frames")'>Click to show all stack frames</a>
<div class='stack-trace' id='stack-trace479788655'><pre>java.lang.AssertionError: Actual StatusCode not matching to Expected one. expected [200] but found [400]
	at org.testng.Assert.fail(Assert.java:99)
	at org.testng.Assert.failNotEquals(Assert.java:1037)
	at org.testng.Assert.assertEqualsImpl(Assert.java:140)
	at org.testng.Assert.assertEquals(Assert.java:122)
	at org.testng.Assert.assertEquals(Assert.java:907)
	at utils.Validator.validateStatusCode(Validator.java:18)
	at GenreTest.verifySearchGenressGetRequest(GenreTest.java:100)
	at sun.reflect.NativeMethodAccessorImpl.invoke0(Native Method)
	at sun.reflect.NativeMethodAccessorImpl.invoke(NativeMethodAccessorImpl.java:62)
	at sun.reflect.DelegatingMethodAccessorImpl.invoke(DelegatingMethodAccessorImpl.java:43)
	at java.lang.reflect.Method.invoke(Method.java:498)
	at org.testng.internal.MethodInvocationHelper.invokeMethod(MethodInvocationHelper.java:133)
	at org.testng.internal.TestInvoker.invokeMethod(TestInvoker.java:598)
	at org.testng.internal.TestInvoker.invokeTestMethod(TestInvoker.java:173)
	at org.testng.internal.MethodRunner.runInSequence(MethodRunner.java:46)
	at org.testng.internal.TestInvoker$MethodInvocationAgent.invoke(TestInvoker.java:824)
	at org.testng.internal.TestInvoker.invokeTestMethods(TestInvoker.java:146)
	at org.testng.internal.TestMethodWorker.invokeTestMethods(TestMethodWorker.java:146)
	at org.testng.internal.TestMethodWorker.run(TestMethodWorker.java:128)
	at java.util.ArrayList.forEach(ArrayList.java:1257)
	at org.testng.TestRunner.privateRun(TestRunner.java:794)
	at org.testng.TestRunner.run(TestRunner.java:596)
	at org.testng.SuiteRunner.runTest(SuiteRunner.java:377)
	at org.testng.SuiteRunner.runSequentially(SuiteRunner.java:371)
	at org.testng.SuiteRunner.privateRun(SuiteRunner.java:332)
	at org.testng.SuiteRunner.run(SuiteRunner.java:276)
	at org.testng.SuiteRunnerWorker.runSuite(SuiteRunnerWorker.java:53)
	at org.testng.SuiteRunnerWorker.run(SuiteRunnerWorker.java:96)
	at org.testng.TestNG.runSuitesSequentially(TestNG.java:1212)
	at org.testng.TestNG.runSuitesLocally(TestNG.java:1134)
	at org.testng.TestNG.runSuites(TestNG.java:1063)
	at org.testng.TestNG.run(TestNG.java:1031)
	at org.apache.maven.surefire.testng.TestNGExecutor.run(TestNGExecutor.java:136)
	at org.apache.maven.surefire.testng.TestNGDirectoryTestSuite.executeMulti(TestNGDirectoryTestSuite.java:193)
	at org.apache.maven.surefire.testng.TestNGDirectoryTestSuite.execute(TestNGDirectoryTestSuite.java:94)
	at org.apache.maven.surefire.testng.TestNGProvider.invoke(TestNGProvider.java:145)
	at org.apache.maven.surefire.booter.ForkedBooter.runSuitesInProcess(ForkedBooter.java:428)
	at org.apache.maven.surefire.booter.ForkedBooter.execute(ForkedBooter.java:162)
	at org.apache.maven.surefire.booter.ForkedBooter.run(ForkedBooter.java:562)
	at org.apache.maven.surefire.booter.ForkedBooter.main(ForkedBooter.java:548)
</pre></div></td>
<td>0</td>
<td>GenreTest@79d9214d</td></tr>
<tr>
<td title='BookTest.verifyCreatedBookPostRequest()'><b>verifyCreatedBookPostRequest</b><br>Test class: BookTest<br>Test method: Verifying creating new Book object by Author id and Genre idwith POST method</td>
<td><div><pre>org.testng.internal.reflect.MethodMatcherException: 
[public void BookTest.verifyCreatedBookPostRequest(pojo.Book,pojo.Author,pojo.Genre)] has no parameters defined but was found to be using a data provider (either explicitly specified or inherited from class level annotation).
Data provider mismatch
Method: verifyCreatedBookPostRequest([Parameter{index=0, type=pojo.Book, declaredAnnotations=[]}, Parameter{index=1, type=pojo.Author, declaredAnnotations=[]}, Parameter{index=2, type=pojo.Genre, declaredAnnotations=[]}])
Arguments: [(pojo.Book) {&quot;bookId&quot;:536, &quot;bookName&quot;:&quot;Sed sunt et quas&quot;, &quot;bookLanguage&quot;:&quot;spanish&quot;, &quot;bookDescription&quot;:&quot;Qui quisquam omnis dolores voluptates ut. Ad officia suscipit nihil et vero. Ut veniam esse aliquam eum ea. Est nesciunt est id iure fuga.&quot;, &quot;publicationYear&quot;:1974, &quot;additional&quot;:{&quot;pageCount&quot;:573, &quot;size&quot;:{&quot;height&quot;:14.9, &quot;width&quot;:0.0, &quot;lenght&quot;:0.0}}}]
	at java.util.ArrayList.forEach(ArrayList.java:1257)
... Removed 27 stack frames</pre></div><a href='#' onClick='toggleBox("stack-trace1657767638", this, "Click to show all stack frames", "Click to hide stack frames")'>Click to show all stack frames</a>
<div class='stack-trace' id='stack-trace1657767638'><pre>org.testng.internal.reflect.MethodMatcherException: 
[public void BookTest.verifyCreatedBookPostRequest(pojo.Book,pojo.Author,pojo.Genre)] has no parameters defined but was found to be using a data provider (either explicitly specified or inherited from class level annotation).
Data provider mismatch
Method: verifyCreatedBookPostRequest([Parameter{index=0, type=pojo.Book, declaredAnnotations=[]}, Parameter{index=1, type=pojo.Author, declaredAnnotations=[]}, Parameter{index=2, type=pojo.Genre, declaredAnnotations=[]}])
Arguments: [(pojo.Book) {&quot;bookId&quot;:536, &quot;bookName&quot;:&quot;Sed sunt et quas&quot;, &quot;bookLanguage&quot;:&quot;spanish&quot;, &quot;bookDescription&quot;:&quot;Qui quisquam omnis dolores voluptates ut. Ad officia suscipit nihil et vero. Ut veniam esse aliquam eum ea. Est nesciunt est id iure fuga.&quot;, &quot;publicationYear&quot;:1974, &quot;additional&quot;:{&quot;pageCount&quot;:573, &quot;size&quot;:{&quot;height&quot;:14.9, &quot;width&quot;:0.0, &quot;lenght&quot;:0.0}}}]
	at org.testng.internal.reflect.DataProviderMethodMatcher.getConformingArguments(DataProviderMethodMatcher.java:43)
	at org.testng.internal.Parameters.injectParameters(Parameters.java:914)
	at org.testng.internal.MethodRunner.runInSequence(MethodRunner.java:34)
	at org.testng.internal.TestInvoker$MethodInvocationAgent.invoke(TestInvoker.java:824)
	at org.testng.internal.TestInvoker.invokeTestMethods(TestInvoker.java:146)
	at org.testng.internal.TestMethodWorker.invokeTestMethods(TestMethodWorker.java:146)
	at org.testng.internal.TestMethodWorker.run(TestMethodWorker.java:128)
	at java.util.ArrayList.forEach(ArrayList.java:1257)
	at org.testng.TestRunner.privateRun(TestRunner.java:794)
	at org.testng.TestRunner.run(TestRunner.java:596)
	at org.testng.SuiteRunner.runTest(SuiteRunner.java:377)
	at org.testng.SuiteRunner.runSequentially(SuiteRunner.java:371)
	at org.testng.SuiteRunner.privateRun(SuiteRunner.java:332)
	at org.testng.SuiteRunner.run(SuiteRunner.java:276)
	at org.testng.SuiteRunnerWorker.runSuite(SuiteRunnerWorker.java:53)
	at org.testng.SuiteRunnerWorker.run(SuiteRunnerWorker.java:96)
	at org.testng.TestNG.runSuitesSequentially(TestNG.java:1212)
	at org.testng.TestNG.runSuitesLocally(TestNG.java:1134)
	at org.testng.TestNG.runSuites(TestNG.java:1063)
	at org.testng.TestNG.run(TestNG.java:1031)
	at org.apache.maven.surefire.testng.TestNGExecutor.run(TestNGExecutor.java:136)
	at org.apache.maven.surefire.testng.TestNGDirectoryTestSuite.executeMulti(TestNGDirectoryTestSuite.java:193)
	at org.apache.maven.surefire.testng.TestNGDirectoryTestSuite.execute(TestNGDirectoryTestSuite.java:94)
	at org.apache.maven.surefire.testng.TestNGProvider.invoke(TestNGProvider.java:145)
	at org.apache.maven.surefire.booter.ForkedBooter.runSuitesInProcess(ForkedBooter.java:428)
	at org.apache.maven.surefire.booter.ForkedBooter.execute(ForkedBooter.java:162)
	at org.apache.maven.surefire.booter.ForkedBooter.run(ForkedBooter.java:562)
	at org.apache.maven.surefire.booter.ForkedBooter.main(ForkedBooter.java:548)
</pre></div></td>
<td>0</td>
<td>BookTest@3f4cd155</td></tr>
<tr>
<td title='AuthorTest.verifyGetNotFoundAuthorByIdGetRequestNegativeCase()'><b>verifyGetNotFoundAuthorByIdGetRequestNegativeCase</b><br>Test class: AuthorTest<br>Test method: Negative case when element not found - verifying getting 1 Author object by id with GET method<br>Parameters: {"authorDescription":"updated author descr", "authorId":9999, "authorName":{"first":"firstName", "second":"secondName"}, "birth":{"city":"Mykolaiv", "country":"Ukraine", "date":"1990-11-17"}, "nationality":"ukrainian"}</td>
<td><div><pre>com.fasterxml.jackson.databind.exc.UnrecognizedPropertyException: Unrecognized field &quot;timeStamp&quot; (class pojo.Author), not marked as ignorable (5 known properties: &quot;authorDescription&quot;, &quot;nationality&quot;, &quot;authorId&quot;, &quot;birth&quot;, &quot;authorName&quot;])
 at [Source: (String)&quot;{&quot;timeStamp&quot;:&quot;20:34:32.413 16-08-2021&quot;,&quot;statusCode&quot;:404,&quot;error&quot;:&quot;Not Found&quot;,&quot;errorMessage&quot;:&quot;Author with &apos;authorId&apos; = &apos;9999&apos; doesn&apos;t exist!&quot;}&quot;; line: 1, column: 15] (through reference chain: pojo.Author[&quot;timeStamp&quot;])
	at com.fasterxml.jackson.databind.exc.UnrecognizedPropertyException.from(UnrecognizedPropertyException.java:61)
	at com.fasterxml.jackson.databind.DeserializationContext.handleUnknownProperty(DeserializationContext.java:987)
	at com.fasterxml.jackson.databind.deser.std.StdDeserializer.handleUnknownProperty(StdDeserializer.java:1974)
	at com.fasterxml.jackson.databind.deser.BeanDeserializerBase.handleUnknownProperty(BeanDeserializerBase.java:1701)
	at com.fasterxml.jackson.databind.deser.BeanDeserializerBase.handleUnknownVanilla(BeanDeserializerBase.java:1679)
	at com.fasterxml.jackson.databind.deser.BeanDeserializer.vanillaDeserialize(BeanDeserializer.java:330)
	at com.fasterxml.jackson.databind.deser.BeanDeserializer.deserialize(BeanDeserializer.java:187)
	at com.fasterxml.jackson.databind.deser.DefaultDeserializationContext.readRootValue(DefaultDeserializationContext.java:322)
	at com.fasterxml.jackson.databind.ObjectMapper._readMapAndClose(ObjectMapper.java:4593)
	at com.fasterxml.jackson.databind.ObjectMapper.readValue(ObjectMapper.java:3548)
	at com.fasterxml.jackson.databind.ObjectMapper$readValue$0.call(Unknown Source)
	at io.restassured.internal.path.json.mapping.JsonPathJackson2ObjectDeserializer.deserialize(JsonPathJackson2ObjectDeserializer.groovy:46)
	at io.restassured.path.json.mapping.JsonPathObjectDeserializer$deserialize.call(Unknown Source)
	at io.restassured.internal.path.json.mapping.JsonObjectDeserializer.deserializeWithJackson2(JsonObjectDeserializer.groovy:109)
	at io.restassured.internal.path.json.mapping.JsonObjectDeserializer$deserializeWithJackson2.callStatic(Unknown Source)
	at io.restassured.internal.path.json.mapping.JsonObjectDeserializer.deserialize(JsonObjectDeserializer.groovy:70)
	at io.restassured.path.json.JsonPath.jsonStringToObject(JsonPath.java:1093)
	at io.restassured.path.json.JsonPath.getObject(JsonPath.java:560)
	at service.AuthorService.getActualObjAuthor(AuthorService.java:99)
	at AuthorTest.verifyGetNotFoundAuthorByIdGetRequestNegativeCase(AuthorTest.java:73)
	at java.util.ArrayList.forEach(ArrayList.java:1257)
... Removed 32 stack frames</pre></div><a href='#' onClick='toggleBox("stack-trace1454834922", this, "Click to show all stack frames", "Click to hide stack frames")'>Click to show all stack frames</a>
<div class='stack-trace' id='stack-trace1454834922'><pre>com.fasterxml.jackson.databind.exc.UnrecognizedPropertyException: Unrecognized field &quot;timeStamp&quot; (class pojo.Author), not marked as ignorable (5 known properties: &quot;authorDescription&quot;, &quot;nationality&quot;, &quot;authorId&quot;, &quot;birth&quot;, &quot;authorName&quot;])
 at [Source: (String)&quot;{&quot;timeStamp&quot;:&quot;20:34:32.413 16-08-2021&quot;,&quot;statusCode&quot;:404,&quot;error&quot;:&quot;Not Found&quot;,&quot;errorMessage&quot;:&quot;Author with &apos;authorId&apos; = &apos;9999&apos; doesn&apos;t exist!&quot;}&quot;; line: 1, column: 15] (through reference chain: pojo.Author[&quot;timeStamp&quot;])
	at com.fasterxml.jackson.databind.exc.UnrecognizedPropertyException.from(UnrecognizedPropertyException.java:61)
	at com.fasterxml.jackson.databind.DeserializationContext.handleUnknownProperty(DeserializationContext.java:987)
	at com.fasterxml.jackson.databind.deser.std.StdDeserializer.handleUnknownProperty(StdDeserializer.java:1974)
	at com.fasterxml.jackson.databind.deser.BeanDeserializerBase.handleUnknownProperty(BeanDeserializerBase.java:1701)
	at com.fasterxml.jackson.databind.deser.BeanDeserializerBase.handleUnknownVanilla(BeanDeserializerBase.java:1679)
	at com.fasterxml.jackson.databind.deser.BeanDeserializer.vanillaDeserialize(BeanDeserializer.java:330)
	at com.fasterxml.jackson.databind.deser.BeanDeserializer.deserialize(BeanDeserializer.java:187)
	at com.fasterxml.jackson.databind.deser.DefaultDeserializationContext.readRootValue(DefaultDeserializationContext.java:322)
	at com.fasterxml.jackson.databind.ObjectMapper._readMapAndClose(ObjectMapper.java:4593)
	at com.fasterxml.jackson.databind.ObjectMapper.readValue(ObjectMapper.java:3548)
	at com.fasterxml.jackson.databind.ObjectMapper$readValue$0.call(Unknown Source)
	at io.restassured.internal.path.json.mapping.JsonPathJackson2ObjectDeserializer.deserialize(JsonPathJackson2ObjectDeserializer.groovy:46)
	at io.restassured.path.json.mapping.JsonPathObjectDeserializer$deserialize.call(Unknown Source)
	at io.restassured.internal.path.json.mapping.JsonObjectDeserializer.deserializeWithJackson2(JsonObjectDeserializer.groovy:109)
	at io.restassured.internal.path.json.mapping.JsonObjectDeserializer$deserializeWithJackson2.callStatic(Unknown Source)
	at io.restassured.internal.path.json.mapping.JsonObjectDeserializer.deserialize(JsonObjectDeserializer.groovy:70)
	at io.restassured.path.json.JsonPath.jsonStringToObject(JsonPath.java:1093)
	at io.restassured.path.json.JsonPath.getObject(JsonPath.java:560)
	at service.AuthorService.getActualObjAuthor(AuthorService.java:99)
	at AuthorTest.verifyGetNotFoundAuthorByIdGetRequestNegativeCase(AuthorTest.java:73)
	at sun.reflect.NativeMethodAccessorImpl.invoke0(Native Method)
	at sun.reflect.NativeMethodAccessorImpl.invoke(NativeMethodAccessorImpl.java:62)
	at sun.reflect.DelegatingMethodAccessorImpl.invoke(DelegatingMethodAccessorImpl.java:43)
	at java.lang.reflect.Method.invoke(Method.java:498)
	at org.testng.internal.MethodInvocationHelper.invokeMethod(MethodInvocationHelper.java:133)
	at org.testng.internal.TestInvoker.invokeMethod(TestInvoker.java:598)
	at org.testng.internal.TestInvoker.invokeTestMethod(TestInvoker.java:173)
	at org.testng.internal.MethodRunner.runInSequence(MethodRunner.java:46)
	at org.testng.internal.TestInvoker$MethodInvocationAgent.invoke(TestInvoker.java:824)
	at org.testng.internal.TestInvoker.invokeTestMethods(TestInvoker.java:146)
	at org.testng.internal.TestMethodWorker.invokeTestMethods(TestMethodWorker.java:146)
	at org.testng.internal.TestMethodWorker.run(TestMethodWorker.java:128)
	at java.util.ArrayList.forEach(ArrayList.java:1257)
	at org.testng.TestRunner.privateRun(TestRunner.java:794)
	at org.testng.TestRunner.run(TestRunner.java:596)
	at org.testng.SuiteRunner.runTest(SuiteRunner.java:377)
	at org.testng.SuiteRunner.runSequentially(SuiteRunner.java:371)
	at org.testng.SuiteRunner.privateRun(SuiteRunner.java:332)
	at org.testng.SuiteRunner.run(SuiteRunner.java:276)
	at org.testng.SuiteRunnerWorker.runSuite(SuiteRunnerWorker.java:53)
	at org.testng.SuiteRunnerWorker.run(SuiteRunnerWorker.java:96)
	at org.testng.TestNG.runSuitesSequentially(TestNG.java:1212)
	at org.testng.TestNG.runSuitesLocally(TestNG.java:1134)
	at org.testng.TestNG.runSuites(TestNG.java:1063)
	at org.testng.TestNG.run(TestNG.java:1031)
	at org.apache.maven.surefire.testng.TestNGExecutor.run(TestNGExecutor.java:136)
	at org.apache.maven.surefire.testng.TestNGDirectoryTestSuite.executeMulti(TestNGDirectoryTestSuite.java:193)
	at org.apache.maven.surefire.testng.TestNGDirectoryTestSuite.execute(TestNGDirectoryTestSuite.java:94)
	at org.apache.maven.surefire.testng.TestNGProvider.invoke(TestNGProvider.java:145)
	at org.apache.maven.surefire.booter.ForkedBooter.runSuitesInProcess(ForkedBooter.java:428)
	at org.apache.maven.surefire.booter.ForkedBooter.execute(ForkedBooter.java:162)
	at org.apache.maven.surefire.booter.ForkedBooter.run(ForkedBooter.java:562)
	at org.apache.maven.surefire.booter.ForkedBooter.main(ForkedBooter.java:548)
</pre></div></td>
<td>0</td>
<td>AuthorTest@7906578e</td></tr>
<tr>
<td title='AuthorTest.verifySearchAuthorsGetRequest()'><b>verifySearchAuthorsGetRequest</b><br>Test class: AuthorTest<br>Test method: Verifying searching books by its name</td>
<td><div><pre>java.lang.AssertionError: Actual StatusCode not matching to Expected one. expected [200] but found [400]
	at utils.Validator.validateStatusCode(Validator.java:18)
	at AuthorTest.verifySearchAuthorsGetRequest(AuthorTest.java:95)
	at java.util.ArrayList.forEach(ArrayList.java:1257)
... Removed 37 stack frames</pre></div><a href='#' onClick='toggleBox("stack-trace1325322464", this, "Click to show all stack frames", "Click to hide stack frames")'>Click to show all stack frames</a>
<div class='stack-trace' id='stack-trace1325322464'><pre>java.lang.AssertionError: Actual StatusCode not matching to Expected one. expected [200] but found [400]
	at org.testng.Assert.fail(Assert.java:99)
	at org.testng.Assert.failNotEquals(Assert.java:1037)
	at org.testng.Assert.assertEqualsImpl(Assert.java:140)
	at org.testng.Assert.assertEquals(Assert.java:122)
	at org.testng.Assert.assertEquals(Assert.java:907)
	at utils.Validator.validateStatusCode(Validator.java:18)
	at AuthorTest.verifySearchAuthorsGetRequest(AuthorTest.java:95)
	at sun.reflect.NativeMethodAccessorImpl.invoke0(Native Method)
	at sun.reflect.NativeMethodAccessorImpl.invoke(NativeMethodAccessorImpl.java:62)
	at sun.reflect.DelegatingMethodAccessorImpl.invoke(DelegatingMethodAccessorImpl.java:43)
	at java.lang.reflect.Method.invoke(Method.java:498)
	at org.testng.internal.MethodInvocationHelper.invokeMethod(MethodInvocationHelper.java:133)
	at org.testng.internal.TestInvoker.invokeMethod(TestInvoker.java:598)
	at org.testng.internal.TestInvoker.invokeTestMethod(TestInvoker.java:173)
	at org.testng.internal.MethodRunner.runInSequence(MethodRunner.java:46)
	at org.testng.internal.TestInvoker$MethodInvocationAgent.invoke(TestInvoker.java:824)
	at org.testng.internal.TestInvoker.invokeTestMethods(TestInvoker.java:146)
	at org.testng.internal.TestMethodWorker.invokeTestMethods(TestMethodWorker.java:146)
	at org.testng.internal.TestMethodWorker.run(TestMethodWorker.java:128)
	at java.util.ArrayList.forEach(ArrayList.java:1257)
	at org.testng.TestRunner.privateRun(TestRunner.java:794)
	at org.testng.TestRunner.run(TestRunner.java:596)
	at org.testng.SuiteRunner.runTest(SuiteRunner.java:377)
	at org.testng.SuiteRunner.runSequentially(SuiteRunner.java:371)
	at org.testng.SuiteRunner.privateRun(SuiteRunner.java:332)
	at org.testng.SuiteRunner.run(SuiteRunner.java:276)
	at org.testng.SuiteRunnerWorker.runSuite(SuiteRunnerWorker.java:53)
	at org.testng.SuiteRunnerWorker.run(SuiteRunnerWorker.java:96)
	at org.testng.TestNG.runSuitesSequentially(TestNG.java:1212)
	at org.testng.TestNG.runSuitesLocally(TestNG.java:1134)
	at org.testng.TestNG.runSuites(TestNG.java:1063)
	at org.testng.TestNG.run(TestNG.java:1031)
	at org.apache.maven.surefire.testng.TestNGExecutor.run(TestNGExecutor.java:136)
	at org.apache.maven.surefire.testng.TestNGDirectoryTestSuite.executeMulti(TestNGDirectoryTestSuite.java:193)
	at org.apache.maven.surefire.testng.TestNGDirectoryTestSuite.execute(TestNGDirectoryTestSuite.java:94)
	at org.apache.maven.surefire.testng.TestNGProvider.invoke(TestNGProvider.java:145)
	at org.apache.maven.surefire.booter.ForkedBooter.runSuitesInProcess(ForkedBooter.java:428)
	at org.apache.maven.surefire.booter.ForkedBooter.execute(ForkedBooter.java:162)
	at org.apache.maven.surefire.booter.ForkedBooter.run(ForkedBooter.java:562)
	at org.apache.maven.surefire.booter.ForkedBooter.main(ForkedBooter.java:548)
</pre></div></td>
<td>0</td>
<td>AuthorTest@7906578e</td></tr>
</table><p>
<table width='100%' border='1' class='invocation-passed'>
<tr><td colspan='4' align='center'><b>PASSED TESTS</b></td></tr>
<tr><td><b>Test method</b></td>
<td width="30%"><b>Exception</b></td>
<td width="10%"><b>Time (seconds)</b></td>
<td><b>Instance</b></td>
</tr>
<tr>
<td title='AuthorTest.verifyUpdatedAuthorPutRequest()'><b>verifyUpdatedAuthorPutRequest</b><br>Test class: AuthorTest<br>Test method: Verifying updating Author object with PUT method<br>Parameters: {"authorDescription":"updated author description", "authorId":9999, "authorName":{"first":"firstName", "second":"secondName"}, "birth":{"city":"Mykolaiv", "country":"Ukraine", "date":"1990-11-17"}, "nationality":"ukrainian"}</td>
<td></td>
<td>0</td>
<td>AuthorTest@7906578e</td></tr>
<tr>
<td title='GenreTest.verifyCreatedGenrePostRequest()'><b>verifyCreatedGenrePostRequest</b><br>Test class: GenreTest<br>Test method: Verifying creating new Genre object with POST method<br>Parameters: {"genreDescription":"genre description", "genreId":9999, "genreName":"genre name"}</td>
<td></td>
<td>0</td>
<td>GenreTest@79d9214d</td></tr>
<tr>
<td title='GenreTest.verifyGetGenreByIdGetRequest()'><b>verifyGetGenreByIdGetRequest</b><br>Test class: GenreTest<br>Test method: Verifying getting 1 Genre object by id with GET method<br>Parameters: {"genreDescription":"Id voluptatibus qui ullam omnis laboriosam maxime laudantium. Vel aut dolorem dolorem facilis officiis. Voluptate impedit repellendus iure enim. Modi in sed alias eum. Eaque sunt nihil rerum.", "genreId":644, "genreName":"Metafiction"}</td>
<td></td>
<td>0</td>
<td>GenreTest@79d9214d</td></tr>
<tr>
<td title='GenreTest.verifyUpdatedGenrePutRequest()'><b>verifyUpdatedGenrePutRequest</b><br>Test class: GenreTest<br>Test method: Verifying updating Genre object with PUT method<br>Parameters: {"genreDescription":"updated genre description", "genreId":9999, "genreName":"genre name"}</td>
<td></td>
<td>0</td>
<td>GenreTest@79d9214d</td></tr>
<tr>
<td title='GenreTest.verifyGetAllGenresByAuthorIdGetRequest()'><b>verifyGetAllGenresByAuthorIdGetRequest</b><br>Test class: GenreTest<br>Test method: Verifying getting all Genre objects by AuthorId with GET method<br>Parameters: {"authorDescription":"Neque natus sequi. Sunt molestiae quia numquam qui qui quasi ipsa. Vel ea iusto assumenda voluptatem eos qui. Qui excepturi dolor vitae ea et repudiandae. Voluptas mollitia vero autem minima unde commodi sint.", "authorId":37, "authorName":{"first":"Alexandro", "second":"Kris"}, "birth":{"city":"Doylechester", "country":"Venezuela", "date":"1930-09-19"}, "nationality":"Turkish"}</td>
<td></td>
<td>0</td>
<td>GenreTest@79d9214d</td></tr>
<tr>
<td title='GenreTest.verifyGetAllGenresGetRequest()'><b>verifyGetAllGenresGetRequest</b><br>Test class: GenreTest<br>Test method: Verifying getting all Genre objects with GET method</td>
<td></td>
<td>0</td>
<td>GenreTest@79d9214d</td></tr>
<tr>
<td title='AuthorTest.verifyCreatedAuthorPostRequest()'><b>verifyCreatedAuthorPostRequest</b><br>Test class: AuthorTest<br>Test method: Verifying creating new Author object with POST method<br>Parameters: {"authorDescription":"updated author descr", "authorId":9999, "authorName":{"first":"firstName", "second":"secondName"}, "birth":{"city":"Mykolaiv", "country":"Ukraine", "date":"1990-11-17"}, "nationality":"ukrainian"}</td>
<td></td>
<td>3</td>
<td>AuthorTest@7906578e</td></tr>
<tr>
<td title='BookTest.verifyGetAllBooksGetRequest()'><b>verifyGetAllBooksGetRequest</b><br>Test class: BookTest<br>Test method: Verifying getting all Book objects with GET method</td>
<td></td>
<td>0</td>
<td>BookTest@3f4cd155</td></tr>
<tr>
<td title='BookTest.verifyGetBooksByAuthorIdGetRequest()'><b>verifyGetBooksByAuthorIdGetRequest</b><br>Test class: BookTest<br>Test method: Verifying getting List of Books object by Author id with GET method<br>Parameters: {"authorDescription":"Neque natus sequi. Sunt molestiae quia numquam qui qui quasi ipsa. Vel ea iusto assumenda voluptatem eos qui. Qui excepturi dolor vitae ea et repudiandae. Voluptas mollitia vero autem minima unde commodi sint.", "authorId":37, "authorName":{"first":"Alexandro", "second":"Kris"}, "birth":{"city":"Doylechester", "country":"Venezuela", "date":"1930-09-19"}, "nationality":"Turkish"}</td>
<td></td>
<td>0</td>
<td>BookTest@3f4cd155</td></tr>
<tr>
<td title='BookTest.verifyGetBooksByGenreIdGetRequest()'><b>verifyGetBooksByGenreIdGetRequest</b><br>Test class: BookTest<br>Test method: Verifying getting List of Books object by Genre id with GET method<br>Parameters: {"genreDescription":"Id voluptatibus qui ullam omnis laboriosam maxime laudantium. Vel aut dolorem dolorem facilis officiis. Voluptate impedit repellendus iure enim. Modi in sed alias eum. Eaque sunt nihil rerum.", "genreId":644, "genreName":"Metafiction"}</td>
<td></td>
<td>0</td>
<td>BookTest@3f4cd155</td></tr>
<tr>
<td title='BookTest.verifyUpdatedBookPutRequest()'><b>verifyUpdatedBookPutRequest</b><br>Test class: BookTest<br>Test method: Verifying updating Book object with PUT method<br>Parameters: {"bookId":536, "bookName":"Sed sunt et quas", "bookLanguage":"spanish", "bookDescription":"updated book description", "publicationYear":1974, "additional":{"pageCount":573, "size":{"height":14.9, "width":0.0, "lenght":0.0}}}</td>
<td></td>
<td>0</td>
<td>BookTest@3f4cd155</td></tr>
<tr>
<td title='BookTest.verifyGetBookByIdGetRequest()'><b>verifyGetBookByIdGetRequest</b><br>Test class: BookTest<br>Test method: Verifying getting 1 Book object by id with GET method<br>Parameters: {"bookId":292, "bookName":"Ipsa dolor laboriosam", "bookLanguage":"croatian", "bookDescription":"Sit aut architecto ab voluptatem. Rerum itaque voluptatem corrupti vero laboriosam. Officiis esse dolor. Qui sunt quasi laudantium.", "publicationYear":2008, "additional":{"pageCount":682, "size":{"height":16.1, "width":0.0, "lenght":0.0}}}</td>
<td></td>
<td>0</td>
<td>BookTest@3f4cd155</td></tr>
<tr>
<td title='AuthorTest.verifyGetAllAuthorsGetRequest()'><b>verifyGetAllAuthorsGetRequest</b><br>Test class: AuthorTest<br>Test method: Verifying getting all Author objects with GET method</td>
<td></td>
<td>0</td>
<td>AuthorTest@7906578e</td></tr>
<tr>
<td title='AuthorTest.verifyGetAuthorByIdGetRequest()'><b>verifyGetAuthorByIdGetRequest</b><br>Test class: AuthorTest<br>Test method: Verifying getting 1 Author object by id with GET method<br>Parameters: {"authorDescription":"Neque natus sequi. Sunt molestiae quia numquam qui qui quasi ipsa. Vel ea iusto assumenda voluptatem eos qui. Qui excepturi dolor vitae ea et repudiandae. Voluptas mollitia vero autem minima unde commodi sint.", "authorId":37, "authorName":{"first":"Alexandro", "second":"Kris"}, "birth":{"city":"Doylechester", "country":"Venezuela", "date":"1930-09-19"}, "nationality":"Turkish"}</td>
<td></td>
<td>0</td>
<td>AuthorTest@7906578e</td></tr>
<tr>
<td title='AuthorTest.verifyGetAuthorsByGenreIdGetRequest()'><b>verifyGetAuthorsByGenreIdGetRequest</b><br>Test class: AuthorTest<br>Test method: Verifying getting 1 Author object by Book id with GET method<br>Parameters: {"genreDescription":"Id voluptatibus qui ullam omnis laboriosam maxime laudantium. Vel aut dolorem dolorem facilis officiis. Voluptate impedit repellendus iure enim. Modi in sed alias eum. Eaque sunt nihil rerum.", "genreId":644, "genreName":"Metafiction"}</td>
<td></td>
<td>0</td>
<td>AuthorTest@7906578e</td></tr>
<tr>
<td title='AuthorTest.verifyGetAuthorByBookIdGetRequest()'><b>verifyGetAuthorByBookIdGetRequest</b><br>Test class: AuthorTest<br>Test method: Verifying getting 1 Author object by Book id with GET method<br>Parameters: {"bookId":292, "bookName":"Ipsa dolor laboriosam", "bookLanguage":"croatian", "bookDescription":"Sit aut architecto ab voluptatem. Rerum itaque voluptatem corrupti vero laboriosam. Officiis esse dolor. Qui sunt quasi laudantium.", "publicationYear":2008, "additional":{"pageCount":682, "size":{"height":16.1, "width":0.0, "lenght":0.0}}}</td>
<td></td>
<td>0</td>
<td>AuthorTest@7906578e</td></tr>
</table><p>
</body>
</html>