{"name":"Verifying creating new Book object by Author id and Genre idwith POST method","status":"failed","statusDetails":{"known":false,"muted":false,"flaky":false,"message":"Actual StatusCode not matching to Expected one. expected [201] but found [409]","trace":"java.lang.AssertionError: Actual StatusCode not matching to Expected one. expected [201] but found [409]\r\n\tat org.testng.Assert.fail(Assert.java:99)\r\n\tat org.testng.Assert.failNotEquals(Assert.java:1037)\r\n\tat org.testng.Assert.assertEqualsImpl(Assert.java:140)\r\n\tat org.testng.Assert.assertEquals(Assert.java:122)\r\n\tat org.testng.Assert.assertEquals(Assert.java:907)\r\n\tat utils.Validator.validateStatusCode(Validator.java:21)\r\n\tat BookTest.verifyCreatingBookPostRequest(BookTest.java:30)\r\n\tat sun.reflect.NativeMethodAccessorImpl.invoke0(Native Method)\r\n\tat sun.reflect.NativeMethodAccessorImpl.invoke(NativeMethodAccessorImpl.java:62)\r\n\tat sun.reflect.DelegatingMethodAccessorImpl.invoke(DelegatingMethodAccessorImpl.java:43)\r\n\tat java.lang.reflect.Method.invoke(Method.java:498)\r\n\tat org.testng.internal.MethodInvocationHelper.invokeMethod(MethodInvocationHelper.java:133)\r\n\tat org.testng.internal.TestInvoker.invokeMethod(TestInvoker.java:598)\r\n\tat org.testng.internal.TestInvoker.invokeTestMethod(TestInvoker.java:173)\r\n\tat org.testng.internal.MethodRunner.runInSequence(MethodRunner.java:46)\r\n\tat org.testng.internal.TestInvoker$MethodInvocationAgent.invoke(TestInvoker.java:824)\r\n\tat org.testng.internal.TestInvoker.invokeTestMethods(TestInvoker.java:146)\r\n\tat org.testng.internal.TestMethodWorker.invokeTestMethods(TestMethodWorker.java:146)\r\n\tat org.testng.internal.TestMethodWorker.run(TestMethodWorker.java:128)\r\n\tat java.util.ArrayList.forEach(ArrayList.java:1257)\r\n\tat org.testng.TestRunner.privateRun(TestRunner.java:794)\r\n\tat org.testng.TestRunner.run(TestRunner.java:596)\r\n\tat org.testng.SuiteRunner.runTest(SuiteRunner.java:377)\r\n\tat org.testng.SuiteRunner.runSequentially(SuiteRunner.java:371)\r\n\tat org.testng.SuiteRunner.privateRun(SuiteRunner.java:332)\r\n\tat org.testng.SuiteRunner.run(SuiteRunner.java:276)\r\n\tat org.testng.SuiteRunnerWorker.runSuite(SuiteRunnerWorker.java:53)\r\n\tat org.testng.SuiteRunnerWorker.run(SuiteRunnerWorker.java:96)\r\n\tat org.testng.TestNG.runSuitesSequentially(TestNG.java:1212)\r\n\tat org.testng.TestNG.runSuitesLocally(TestNG.java:1134)\r\n\tat org.testng.TestNG.runSuites(TestNG.java:1063)\r\n\tat org.testng.TestNG.run(TestNG.java:1031)\r\n\tat com.intellij.rt.testng.IDEARemoteTestNG.run(IDEARemoteTestNG.java:66)\r\n\tat com.intellij.rt.testng.RemoteTestNGStarter.main(RemoteTestNGStarter.java:109)\r\n"},"stage":"finished","steps":[{"name":"Create new Book.","status":"passed","stage":"finished","steps":[],"attachments":[{"name":"My attachment","source":"bba323ed-6437-4d7b-a750-482e098932ad-attachment.txt","type":"text/plain"},{"name":"sendRequest","source":"5c10d583-adb7-4501-a18b-6467a77141ca-attachment"}],"parameters":[{"name":"book","value":"{\"bookId\":536, \"bookName\":\"Sed sunt et quas\", \"bookLanguage\":\"spanish\", \"bookDescription\":\"Qui quisquam omnis dolores voluptates ut. Ad officia suscipit nihil et vero. Ut veniam esse aliquam eum ea. Est nesciunt est id iure fuga.\", \"publicationYear\":1974, \"additional\":{\"pageCount\":573, \"size\":{\"height\":14.9, \"width\":0.0, \"lenght\":0.0}}}"},{"name":"authorId","value":"37"},{"name":"genreId","value":"644"}],"start":1629228728654,"stop":1629228731728},{"name":"Validate status code for received response.","status":"failed","statusDetails":{"known":false,"muted":false,"flaky":false,"message":"Actual StatusCode not matching to Expected one. expected [201] but found [409]","trace":"java.lang.AssertionError: Actual StatusCode not matching to Expected one. expected [201] but found [409]\r\n\tat org.testng.Assert.fail(Assert.java:99)\r\n\tat org.testng.Assert.failNotEquals(Assert.java:1037)\r\n\tat org.testng.Assert.assertEqualsImpl(Assert.java:140)\r\n\tat org.testng.Assert.assertEquals(Assert.java:122)\r\n\tat org.testng.Assert.assertEquals(Assert.java:907)\r\n\tat utils.Validator.validateStatusCode(Validator.java:21)\r\n\tat BookTest.verifyCreatingBookPostRequest(BookTest.java:30)\r\n\tat sun.reflect.NativeMethodAccessorImpl.invoke0(Native Method)\r\n\tat sun.reflect.NativeMethodAccessorImpl.invoke(NativeMethodAccessorImpl.java:62)\r\n\tat sun.reflect.DelegatingMethodAccessorImpl.invoke(DelegatingMethodAccessorImpl.java:43)\r\n\tat java.lang.reflect.Method.invoke(Method.java:498)\r\n\tat org.testng.internal.MethodInvocationHelper.invokeMethod(MethodInvocationHelper.java:133)\r\n\tat org.testng.internal.TestInvoker.invokeMethod(TestInvoker.java:598)\r\n\tat org.testng.internal.TestInvoker.invokeTestMethod(TestInvoker.java:173)\r\n\tat org.testng.internal.MethodRunner.runInSequence(MethodRunner.java:46)\r\n\tat org.testng.internal.TestInvoker$MethodInvocationAgent.invoke(TestInvoker.java:824)\r\n\tat org.testng.internal.TestInvoker.invokeTestMethods(TestInvoker.java:146)\r\n\tat org.testng.internal.TestMethodWorker.invokeTestMethods(TestMethodWorker.java:146)\r\n\tat org.testng.internal.TestMethodWorker.run(TestMethodWorker.java:128)\r\n\tat java.util.ArrayList.forEach(ArrayList.java:1257)\r\n\tat org.testng.TestRunner.privateRun(TestRunner.java:794)\r\n\tat org.testng.TestRunner.run(TestRunner.java:596)\r\n\tat org.testng.SuiteRunner.runTest(SuiteRunner.java:377)\r\n\tat org.testng.SuiteRunner.runSequentially(SuiteRunner.java:371)\r\n\tat org.testng.SuiteRunner.privateRun(SuiteRunner.java:332)\r\n\tat org.testng.SuiteRunner.run(SuiteRunner.java:276)\r\n\tat org.testng.SuiteRunnerWorker.runSuite(SuiteRunnerWorker.java:53)\r\n\tat org.testng.SuiteRunnerWorker.run(SuiteRunnerWorker.java:96)\r\n\tat org.testng.TestNG.runSuitesSequentially(TestNG.java:1212)\r\n\tat org.testng.TestNG.runSuitesLocally(TestNG.java:1134)\r\n\tat org.testng.TestNG.runSuites(TestNG.java:1063)\r\n\tat org.testng.TestNG.run(TestNG.java:1031)\r\n\tat com.intellij.rt.testng.IDEARemoteTestNG.run(IDEARemoteTestNG.java:66)\r\n\tat com.intellij.rt.testng.RemoteTestNGStarter.main(RemoteTestNGStarter.java:109)\r\n"},"stage":"finished","steps":[],"attachments":[],"parameters":[{"name":"baseResponse","value":"response.BaseResponse@8debe42"},{"name":"expectedStatusCode","value":"201"}],"start":1629228731735,"stop":1629228731743}],"attachments":[],"parameters":[{"name":"arg2","value":"{\"genreDescription\":\"Id voluptatibus qui ullam omnis laboriosam maxime laudantium. Vel aut dolorem dolorem facilis officiis. Voluptate impedit repellendus iure enim. Modi in sed alias eum. Eaque sunt nihil rerum.\", \"genreId\":644, \"genreName\":\"Metafiction\"}"},{"name":"arg1","value":"{\"authorDescription\":\"Neque natus sequi. Sunt molestiae quia numquam qui qui quasi ipsa. Vel ea iusto assumenda voluptatem eos qui. Qui excepturi dolor vitae ea et repudiandae. Voluptas mollitia vero autem minima unde commodi sint.\", \"authorId\":37, \"authorName\":{\"first\":\"Alexandro\", \"second\":\"Kris\"}, \"birth\":{\"city\":\"Doylechester\", \"country\":\"Venezuela\", \"date\":\"1930-09-19\"}, \"nationality\":\"Turkish\"}"},{"name":"arg0","value":"{\"bookId\":536, \"bookName\":\"Sed sunt et quas\", \"bookLanguage\":\"spanish\", \"bookDescription\":\"Qui quisquam omnis dolores voluptates ut. Ad officia suscipit nihil et vero. Ut veniam esse aliquam eum ea. Est nesciunt est id iure fuga.\", \"publicationYear\":1974, \"additional\":{\"pageCount\":573, \"size\":{\"height\":14.9, \"width\":0.0, \"lenght\":0.0}}}"}],"start":1629228728618,"stop":1629228731755,"uuid":"afabb635-fc27-4d6e-899b-cbc3b6aff145","historyId":"fb4a7336549ee1060aaae3b720856132","fullName":"BookTest.verifyCreatingBookPostRequest","labels":[{"name":"package","value":"BookTest"},{"name":"testClass","value":"BookTest"},{"name":"testMethod","value":"verifyCreatingBookPostRequest"},{"name":"parentSuite","value":"Default Suite"},{"name":"suite","value":"REST-test-framework-template"},{"name":"subSuite","value":"BookTest"},{"name":"host","value":"NATA-PC"},{"name":"thread","value":"21660@NATA-PC.main(1)"},{"name":"framework","value":"testng"},{"name":"language","value":"java"},{"name":"feature","value":"Book api tests"}],"links":[]}