<?xml version="1.0" encoding="UTF-8"?>
<!-- Generated by org.testng.reporters.JUnitXMLReporter -->
<testsuite hostname="NATA-PC" ignored="3" tests="6" failures="1" timestamp="2021-08-17T21:27:37 EEST" time="0.38" errors="0">
  <testcase name="verifyGetAllAuthorsGetRequest" time="0.097" classname="AuthorTest"/>
  <testcase name="verifyGetAuthorByBookIdGetRequest" time="0.057" classname="AuthorTest"/>
  <testcase name="verifyGetAuthorByIdGetRequest" time="0.045" classname="AuthorTest"/>
  <testcase name="verifyGetAuthorsByGenreIdGetRequest" time="0.069" classname="AuthorTest"/>
  <testcase name="verifyGetNotFoundAuthorByIdGetRequestNegativeCase" time="0.045" classname="AuthorTest"/>
  <testcase name="verifySearchAuthorsGetRequest" time="0.021" classname="AuthorTest">
    <failure type="java.lang.AssertionError" message="Actual StatusCode not matching to Expected one. expected [200] but found [400]">
      <![CDATA[java.lang.AssertionError: Actual StatusCode not matching to Expected one. expected [200] but found [400]
at utils.Validator.validateStatusCode(Validator.java:21)
at AuthorTest.verifySearchAuthorsGetRequest(AuthorTest.java:101)
at java.util.ArrayList.forEach(ArrayList.java:1257)
... Removed 37 stack frames]]>
    </failure>
  </testcase> <!-- verifySearchAuthorsGetRequest -->
  <testcase name="verifyUpdatingAuthorPutRequest" time="0.0" classname="AuthorTest">
    <ignored/>
  </testcase> <!-- verifyUpdatingAuthorPutRequest -->
  <testcase name="verifyDeletingAuthorByIdDeleteRequest" time="0.0" classname="AuthorTest">
    <ignored/>
  </testcase> <!-- verifyDeletingAuthorByIdDeleteRequest -->
  <testcase name="verifyCreatingAuthorPostRequest" time="0.0" classname="AuthorTest">
    <ignored/>
  </testcase> <!-- verifyCreatingAuthorPostRequest -->
</testsuite>
